<?xml version="1.0" encoding="utf-8"?>
<!DOCTYPE coverage SYSTEM "http://cobertura.sourceforge.net/xml/coverage-04.dtd">
<coverage line-rate="0.983870967741935" branch-rate="0.985507246376812" lines-covered="732" lines-valid="744" branches-covered="136" branches-valid="138" complexity="206" version="0" timestamp="1667045793">
  <sources>
    <source>D:\Programming\C#\univer\LinkedList\</source>
    <source>C:\</source>
  </sources>
  <packages>
    <package name="LinkedList" line-rate="0.970027247956403" branch-rate="0.985507246376812" complexity="154">
      <classes>
        <class name="LinkedList.LinkedList`1" filename="D:\Programming\C#\univer\LinkedList\LinkedList\LinkedList.cs" line-rate="0.968838526912181" branch-rate="0.985507246376812" complexity="148">
          <methods>
            <method name="OnAdd" signature="(...)" line-rate="1" branch-rate="1" complexity="1">
              <lines>
                <line number="43" hits="279" branch="false" />
                <line number="44" hits="279" branch="false" />
                <line number="45" hits="279" branch="false" />
              </lines>
            </method>
            <method name="OnRemove" signature="(...)" line-rate="1" branch-rate="1" complexity="1">
              <lines>
                <line number="48" hits="5" branch="false" />
                <line number="49" hits="5" branch="false" />
                <line number="50" hits="5" branch="false" />
              </lines>
            </method>
            <method name="OnClear" signature="()" line-rate="1" branch-rate="1" complexity="1">
              <lines>
                <line number="53" hits="1" branch="false" />
                <line number="54" hits="1" branch="false" />
                <line number="55" hits="1" branch="false" />
              </lines>
            </method>
            <method name="get_IsReadOnly" signature="()" line-rate="1" branch-rate="1" complexity="1">
              <lines>
                <line number="61" hits="1" branch="false" />
              </lines>
            </method>
            <method name="Add" signature="(...)" line-rate="1" branch-rate="1" complexity="2">
              <lines>
                <line number="64" hits="258" branch="false" />
                <line number="65" hits="258" branch="false" />
                <line number="66" hits="258" branch="true" condition-coverage="100% (2/2)" />
                <line number="67" hits="54" branch="false" />
                <line number="68" hits="54" branch="false" />
                <line number="69" hits="54" branch="false" />
                <line number="70" hits="54" branch="false" />
                <line number="72" hits="204" branch="false" />
                <line number="73" hits="204" branch="false" />
                <line number="74" hits="204" branch="false" />
                <line number="75" hits="204" branch="false" />
                <line number="76" hits="204" branch="false" />
                <line number="77" hits="258" branch="false" />
                <line number="78" hits="258" branch="false" />
                <line number="79" hits="258" branch="false" />
              </lines>
            </method>
            <method name="Clear" signature="()" line-rate="1" branch-rate="1" complexity="1">
              <lines>
                <line number="81" hits="1" branch="false" />
                <line number="82" hits="1" branch="false" />
                <line number="83" hits="1" branch="false" />
                <line number="84" hits="1" branch="false" />
                <line number="85" hits="1" branch="false" />
                <line number="86" hits="1" branch="false" />
              </lines>
            </method>
            <method name="Contains" signature="(...)" line-rate="1" branch-rate="1" complexity="4">
              <lines>
                <line number="89" hits="8" branch="false" />
                <line number="90" hits="8" branch="false" />
                <line number="91" hits="31" branch="true" condition-coverage="100% (2/2)" />
                <line number="92" hits="26" branch="false" />
                <line number="93" hits="29" branch="true" condition-coverage="100% (2/2)" />
                <line number="94" hits="23" branch="false" />
                <line number="95" hits="23" branch="false" />
                <line number="96" hits="5" branch="false" />
                <line number="97" hits="8" branch="false" />
              </lines>
            </method>
            <method name="CopyTo" signature="(...)" line-rate="1" branch-rate="1" complexity="10">
              <lines>
                <line number="100" hits="5" branch="false" />
                <line number="101" hits="6" branch="true" condition-coverage="100% (2/2)" />
                <line number="102" hits="5" branch="true" condition-coverage="100% (2/2)" />
                <line number="103" hits="4" branch="true" condition-coverage="100% (2/2)" />
                <line number="104" hits="3" branch="true" condition-coverage="100% (2/2)" />
                <line number="106" hits="1" branch="false" />
                <line number="107" hits="6" branch="true" condition-coverage="100% (2/2)" />
                <line number="108" hits="5" branch="false" />
                <line number="109" hits="5" branch="false" />
                <line number="110" hits="5" branch="false" />
                <line number="111" hits="5" branch="false" />
                <line number="112" hits="1" branch="false" />
              </lines>
            </method>
            <method name="Remove" signature="(...)" line-rate="1" branch-rate="1" complexity="8">
              <lines>
                <line number="115" hits="4" branch="false" />
                <line number="116" hits="4" branch="false" />
                <line number="117" hits="15" branch="true" condition-coverage="100% (2/2)" />
                <line number="118" hits="14" branch="false" />
                <line number="119" hits="14" branch="true" condition-coverage="100% (2/2)" />
                <line number="120" hits="3" branch="false" />
                <line number="121" hits="3" branch="false" />
                <line number="122" hits="3" branch="false" />
                <line number="123" hits="3" branch="true" condition-coverage="100% (2/2)" />
                <line number="124" hits="1" branch="false" />
                <line number="125" hits="1" branch="false" />
                <line number="126" hits="1" branch="false" />
                <line number="127" hits="1" branch="false" />
                <line number="129" hits="2" branch="false" />
                <line number="130" hits="2" branch="false" />
                <line number="131" hits="2" branch="false" />
                <line number="133" hits="3" branch="true" condition-coverage="100% (2/2)" />
                <line number="134" hits="2" branch="false" />
                <line number="135" hits="2" branch="false" />
                <line number="136" hits="2" branch="false" />
                <line number="138" hits="3" branch="false" />
                <line number="139" hits="3" branch="false" />
                <line number="141" hits="11" branch="false" />
                <line number="142" hits="11" branch="false" />
                <line number="143" hits="1" branch="false" />
                <line number="144" hits="4" branch="false" />
              </lines>
            </method>
            <method name="System.Collections.IEnumerable.GetEnumerator" signature="()" line-rate="0" branch-rate="1" complexity="1">
              <lines>
                <line number="156" hits="0" branch="false" />
                <line number="157" hits="0" branch="false" />
                <line number="158" hits="0" branch="false" />
              </lines>
            </method>
            <method name="get_Count" signature="()" line-rate="1" branch-rate="1" complexity="1">
              <lines>
                <line number="163" hits="8" branch="false" />
              </lines>
            </method>
            <method name="get_IsSynchronized" signature="()" line-rate="1" branch-rate="1" complexity="1">
              <lines>
                <line number="164" hits="1" branch="false" />
              </lines>
            </method>
            <method name="get_SyncRoot" signature="()" line-rate="1" branch-rate="1" complexity="1">
              <lines>
                <line number="169" hits="2" branch="false" />
                <line number="170" hits="2" branch="false" />
                <line number="171" hits="2" branch="false" />
                <line number="172" hits="2" branch="false" />
              </lines>
            </method>
            <method name="CopyTo" signature="(...)" line-rate="1" branch-rate="1" complexity="10">
              <lines>
                <line number="175" hits="5" branch="false" />
                <line number="176" hits="6" branch="true" condition-coverage="100% (2/2)" />
                <line number="177" hits="5" branch="true" condition-coverage="100% (2/2)" />
                <line number="178" hits="4" branch="true" condition-coverage="100% (2/2)" />
                <line number="179" hits="3" branch="true" condition-coverage="100% (2/2)" />
                <line number="181" hits="1" branch="false" />
                <line number="182" hits="6" branch="true" condition-coverage="100% (2/2)" />
                <line number="183" hits="5" branch="false" />
                <line number="184" hits="5" branch="false" />
                <line number="185" hits="5" branch="false" />
                <line number="186" hits="5" branch="false" />
                <line number="187" hits="1" branch="false" />
              </lines>
            </method>
            <method name="get_Item" signature="(...)" line-rate="1" branch-rate="1" complexity="6">
              <lines>
                <line number="194" hits="22" branch="false" />
                <line number="195" hits="24" branch="true" condition-coverage="100% (4/4)" />
                <line number="196" hits="20" branch="false" />
                <line number="197" hits="132" branch="true" condition-coverage="100% (2/2)" />
                <line number="198" hits="46" branch="false" />
                <line number="199" hits="46" branch="false" />
                <line number="200" hits="46" branch="false" />
                <line number="201" hits="20" branch="false" />
                <line number="202" hits="20" branch="false" />
              </lines>
            </method>
            <method name="get_First" signature="()" line-rate="1" branch-rate="1" complexity="2">
              <lines>
                <line number="207" hits="8" branch="false" />
                <line number="208" hits="9" branch="true" condition-coverage="100% (2/2)" />
                <line number="209" hits="7" branch="false" />
                <line number="210" hits="7" branch="false" />
              </lines>
            </method>
            <method name="get_Last" signature="()" line-rate="1" branch-rate="1" complexity="2">
              <lines>
                <line number="215" hits="8" branch="false" />
                <line number="216" hits="9" branch="true" condition-coverage="100% (2/2)" />
                <line number="217" hits="7" branch="false" />
                <line number="218" hits="7" branch="false" />
              </lines>
            </method>
            <method name="AddFirst" signature="(...)" line-rate="1" branch-rate="1" complexity="2">
              <lines>
                <line number="221" hits="2" branch="false" />
                <line number="222" hits="2" branch="false" />
                <line number="223" hits="2" branch="true" condition-coverage="100% (2/2)" />
                <line number="224" hits="1" branch="false" />
                <line number="225" hits="1" branch="false" />
                <line number="226" hits="1" branch="false" />
                <line number="227" hits="1" branch="false" />
                <line number="229" hits="1" branch="false" />
                <line number="230" hits="1" branch="false" />
                <line number="231" hits="1" branch="false" />
                <line number="232" hits="1" branch="false" />
                <line number="233" hits="1" branch="false" />
                <line number="234" hits="2" branch="false" />
                <line number="235" hits="2" branch="false" />
                <line number="236" hits="2" branch="false" />
              </lines>
            </method>
            <method name="AddFirst" signature="(...)" line-rate="1" branch-rate="1" complexity="6">
              <lines>
                <line number="239" hits="5" branch="false" />
                <line number="240" hits="6" branch="true" condition-coverage="100% (2/2)" />
                <line number="241" hits="5" branch="true" condition-coverage="100% (2/2)" />
                <line number="242" hits="3" branch="false" />
                <line number="243" hits="3" branch="true" condition-coverage="100% (2/2)" />
                <line number="244" hits="1" branch="false" />
                <line number="245" hits="1" branch="false" />
                <line number="246" hits="1" branch="false" />
                <line number="247" hits="1" branch="false" />
                <line number="249" hits="2" branch="false" />
                <line number="250" hits="2" branch="false" />
                <line number="251" hits="2" branch="false" />
                <line number="252" hits="2" branch="false" />
                <line number="253" hits="2" branch="false" />
                <line number="254" hits="3" branch="false" />
                <line number="255" hits="3" branch="false" />
                <line number="256" hits="3" branch="false" />
              </lines>
            </method>
            <method name="AddLast" signature="(...)" line-rate="1" branch-rate="1" complexity="2">
              <lines>
                <line number="259" hits="2" branch="false" />
                <line number="260" hits="2" branch="false" />
                <line number="261" hits="2" branch="true" condition-coverage="100% (2/2)" />
                <line number="262" hits="1" branch="false" />
                <line number="263" hits="1" branch="false" />
                <line number="264" hits="1" branch="false" />
                <line number="265" hits="1" branch="false" />
                <line number="267" hits="1" branch="false" />
                <line number="268" hits="1" branch="false" />
                <line number="269" hits="1" branch="false" />
                <line number="270" hits="1" branch="false" />
                <line number="271" hits="1" branch="false" />
                <line number="272" hits="2" branch="false" />
                <line number="273" hits="2" branch="false" />
                <line number="274" hits="2" branch="false" />
              </lines>
            </method>
            <method name="AddLast" signature="(...)" line-rate="1" branch-rate="1" complexity="6">
              <lines>
                <line number="277" hits="4" branch="false" />
                <line number="278" hits="5" branch="true" condition-coverage="100% (2/2)" />
                <line number="279" hits="4" branch="true" condition-coverage="100% (2/2)" />
                <line number="280" hits="2" branch="false" />
                <line number="281" hits="2" branch="true" condition-coverage="100% (2/2)" />
                <line number="282" hits="1" branch="false" />
                <line number="283" hits="1" branch="false" />
                <line number="284" hits="1" branch="false" />
                <line number="285" hits="1" branch="false" />
                <line number="287" hits="1" branch="false" />
                <line number="288" hits="1" branch="false" />
                <line number="289" hits="1" branch="false" />
                <line number="290" hits="1" branch="false" />
                <line number="291" hits="1" branch="false" />
                <line number="292" hits="2" branch="false" />
                <line number="293" hits="2" branch="false" />
                <line number="294" hits="2" branch="false" />
              </lines>
            </method>
            <method name="AddAfter" signature="(...)" line-rate="1" branch-rate="1" complexity="14">
              <lines>
                <line number="297" hits="7" branch="false" />
                <line number="298" hits="8" branch="true" condition-coverage="100% (2/2)" />
                <line number="299" hits="7" branch="true" condition-coverage="100% (2/2)" />
                <line number="300" hits="6" branch="true" condition-coverage="100% (2/2)" />
                <line number="301" hits="4" branch="false" />
                <line number="302" hits="4" branch="false" />
                <line number="303" hits="15" branch="true" condition-coverage="100% (2/2)" />
                <line number="304" hits="14" branch="false" />
                <line number="305" hits="14" branch="true" condition-coverage="100% (2/2)" />
                <line number="306" hits="3" branch="false" />
                <line number="307" hits="3" branch="true" condition-coverage="100% (2/2)" />
                <line number="308" hits="2" branch="false" />
                <line number="309" hits="2" branch="false" />
                <line number="310" hits="2" branch="false" />
                <line number="311" hits="3" branch="false" />
                <line number="312" hits="3" branch="false" />
                <line number="313" hits="3" branch="false" />
                <line number="314" hits="4" branch="true" condition-coverage="100% (2/2)" />
                <line number="315" hits="3" branch="false" />
                <line number="316" hits="3" branch="false" />
                <line number="317" hits="3" branch="false" />
                <line number="319" hits="11" branch="false" />
                <line number="320" hits="11" branch="false" />
                <line number="321" hits="1" branch="false" />
                <line number="322" hits="3" branch="false" />
              </lines>
            </method>
            <method name="AddAfter" signature="(...)" line-rate="1" branch-rate="1" complexity="10">
              <lines>
                <line number="325" hits="5" branch="false" />
                <line number="326" hits="6" branch="true" condition-coverage="100% (2/2)" />
                <line number="327" hits="4" branch="false" />
                <line number="328" hits="4" branch="false" />
                <line number="329" hits="15" branch="true" condition-coverage="100% (2/2)" />
                <line number="330" hits="14" branch="false" />
                <line number="331" hits="14" branch="true" condition-coverage="100% (2/2)" />
                <line number="332" hits="3" branch="false" />
                <line number="333" hits="3" branch="true" condition-coverage="100% (2/2)" />
                <line number="334" hits="2" branch="false" />
                <line number="335" hits="2" branch="false" />
                <line number="336" hits="2" branch="false" />
                <line number="337" hits="3" branch="false" />
                <line number="338" hits="3" branch="false" />
                <line number="339" hits="3" branch="false" />
                <line number="340" hits="4" branch="true" condition-coverage="100% (2/2)" />
                <line number="341" hits="3" branch="false" />
                <line number="342" hits="3" branch="false" />
                <line number="343" hits="3" branch="false" />
                <line number="345" hits="11" branch="false" />
                <line number="346" hits="11" branch="false" />
                <line number="347" hits="1" branch="false" />
                <line number="348" hits="3" branch="false" />
              </lines>
            </method>
            <method name="AddBefore" signature="(...)" line-rate="1" branch-rate="1" complexity="14">
              <lines>
                <line number="351" hits="7" branch="false" />
                <line number="352" hits="8" branch="true" condition-coverage="100% (2/2)" />
                <line number="353" hits="7" branch="true" condition-coverage="100% (2/2)" />
                <line number="354" hits="6" branch="true" condition-coverage="100% (2/2)" />
                <line number="356" hits="4" branch="false" />
                <line number="357" hits="4" branch="false" />
                <line number="358" hits="15" branch="true" condition-coverage="100% (2/2)" />
                <line number="359" hits="14" branch="false" />
                <line number="360" hits="14" branch="true" condition-coverage="100% (2/2)" />
                <line number="361" hits="3" branch="false" />
                <line number="362" hits="3" branch="true" condition-coverage="100% (2/2)" />
                <line number="363" hits="2" branch="false" />
                <line number="364" hits="2" branch="false" />
                <line number="365" hits="2" branch="false" />
                <line number="366" hits="3" branch="false" />
                <line number="367" hits="3" branch="false" />
                <line number="368" hits="3" branch="false" />
                <line number="369" hits="4" branch="true" condition-coverage="100% (2/2)" />
                <line number="370" hits="3" branch="false" />
                <line number="371" hits="3" branch="false" />
                <line number="372" hits="3" branch="false" />
                <line number="374" hits="11" branch="false" />
                <line number="375" hits="11" branch="false" />
                <line number="376" hits="1" branch="false" />
                <line number="377" hits="3" branch="false" />
              </lines>
            </method>
            <method name="AddBefore" signature="(...)" line-rate="1" branch-rate="1" complexity="10">
              <lines>
                <line number="380" hits="5" branch="false" />
                <line number="381" hits="6" branch="true" condition-coverage="100% (2/2)" />
                <line number="382" hits="4" branch="false" />
                <line number="383" hits="4" branch="false" />
                <line number="384" hits="15" branch="true" condition-coverage="100% (2/2)" />
                <line number="385" hits="14" branch="false" />
                <line number="386" hits="14" branch="true" condition-coverage="100% (2/2)" />
                <line number="387" hits="3" branch="false" />
                <line number="388" hits="3" branch="true" condition-coverage="100% (2/2)" />
                <line number="389" hits="2" branch="false" />
                <line number="390" hits="2" branch="false" />
                <line number="391" hits="2" branch="false" />
                <line number="392" hits="3" branch="false" />
                <line number="393" hits="3" branch="false" />
                <line number="394" hits="3" branch="false" />
                <line number="395" hits="4" branch="true" condition-coverage="100% (2/2)" />
                <line number="396" hits="3" branch="false" />
                <line number="397" hits="3" branch="false" />
                <line number="398" hits="3" branch="false" />
                <line number="400" hits="11" branch="false" />
                <line number="401" hits="11" branch="false" />
                <line number="402" hits="1" branch="false" />
                <line number="403" hits="3" branch="false" />
              </lines>
            </method>
            <method name="RemoveFirst" signature="()" line-rate="1" branch-rate="1" complexity="2">
              <lines>
                <line number="406" hits="2" branch="false" />
                <line number="407" hits="3" branch="true" condition-coverage="100% (2/2)" />
                <line number="408" hits="1" branch="false" />
                <line number="409" hits="1" branch="false" />
                <line number="410" hits="1" branch="false" />
                <line number="411" hits="1" branch="false" />
                <line number="412" hits="1" branch="false" />
                <line number="413" hits="1" branch="false" />
                <line number="414" hits="2" branch="false" />
              </lines>
            </method>
            <method name="RemoveLast" signature="()" line-rate="1" branch-rate="1" complexity="2">
              <lines>
                <line number="416" hits="2" branch="false" />
                <line number="417" hits="3" branch="true" condition-coverage="100% (2/2)" />
                <line number="418" hits="1" branch="false" />
                <line number="419" hits="1" branch="false" />
                <line number="420" hits="1" branch="false" />
                <line number="421" hits="1" branch="false" />
                <line number="422" hits="1" branch="false" />
                <line number="423" hits="1" branch="false" />
                <line number="424" hits="2" branch="false" />
              </lines>
            </method>
            <method name="Find" signature="(...)" line-rate="1" branch-rate="1" complexity="4">
              <lines>
                <line number="427" hits="2" branch="false" />
                <line number="428" hits="2" branch="false" />
                <line number="429" hits="9" branch="true" condition-coverage="100% (2/2)" />
                <line number="430" hits="8" branch="false" />
                <line number="431" hits="8" branch="true" condition-coverage="100% (2/2)" />
                <line number="432" hits="1" branch="false" />
                <line number="433" hits="1" branch="false" />
                <line number="435" hits="7" branch="false" />
                <line number="436" hits="7" branch="false" />
                <line number="437" hits="1" branch="false" />
                <line number="438" hits="2" branch="false" />
              </lines>
            </method>
            <method name="FindLast" signature="(...)" line-rate="1" branch-rate="1" complexity="4">
              <lines>
                <line number="440" hits="2" branch="false" />
                <line number="441" hits="2" branch="false" />
                <line number="442" hits="9" branch="true" condition-coverage="100% (2/2)" />
                <line number="443" hits="8" branch="false" />
                <line number="444" hits="8" branch="true" condition-coverage="100% (2/2)" />
                <line number="445" hits="1" branch="false" />
                <line number="446" hits="1" branch="false" />
                <line number="448" hits="7" branch="false" />
                <line number="449" hits="7" branch="false" />
                <line number="450" hits="1" branch="false" />
                <line number="451" hits="2" branch="false" />
              </lines>
            </method>
            <method name="Get" signature="(...)" line-rate="1" branch-rate="1" complexity="6">
              <lines>
                <line number="453" hits="19" branch="false" />
                <line number="454" hits="21" branch="true" condition-coverage="100% (4/4)" />
                <line number="455" hits="17" branch="false" />
                <line number="456" hits="98" branch="true" condition-coverage="100% (2/2)" />
                <line number="457" hits="32" branch="false" />
                <line number="458" hits="32" branch="false" />
                <line number="459" hits="32" branch="false" />
                <line number="460" hits="17" branch="false" />
                <line number="461" hits="17" branch="false" />
              </lines>
            </method>
            <method name="Compare" signature="(...)" line-rate="1" branch-rate="1" complexity="1">
              <lines>
                <line number="463" hits="56" branch="false" />
                <line number="464" hits="56" branch="false" />
                <line number="465" hits="56" branch="false" />
              </lines>
            </method>
            <method name=".ctor" signature="()" line-rate="1" branch-rate="1" complexity="6">
              <lines>
                <line number="20" hits="9" branch="false" />
                <line number="21" hits="9" branch="false" />
                <line number="22" hits="9" branch="false" />
                <line number="23" hits="9" branch="false" />
                <line number="24" hits="9" branch="false" />
                <line number="25" hits="9" branch="false" />
                <line number="27" hits="56" branch="false" />
                <line number="28" hits="56" branch="false" />
                <line number="29" hits="57" branch="true" condition-coverage="100% (2/2)" />
                <line number="30" hits="679" branch="true" condition-coverage="100% (2/2)" />
                <line number="31" hits="257" branch="false" />
                <line number="32" hits="257" branch="false" />
                <line number="33" hits="257" branch="false" />
                <line number="34" hits="55" branch="false" />
                <line number="38" hits="623" branch="true" condition-coverage="100% (2/2)" />
                <line number="39" hits="75" branch="true" condition-coverage="100% (2/2)" />
                <line number="40" hits="67" branch="true" condition-coverage="100% (2/2)" />
              </lines>
            </method>
            <method name=".ctor" signature="(...)" line-rate="1" branch-rate="1" complexity="4">
              <lines>
                <line number="27" hits="56" branch="false" />
                <line number="28" hits="56" branch="false" />
                <line number="29" hits="57" branch="true" condition-coverage="100% (2/2)" />
                <line number="30" hits="679" branch="true" condition-coverage="100% (2/2)" />
                <line number="31" hits="257" branch="false" />
                <line number="32" hits="257" branch="false" />
                <line number="33" hits="257" branch="false" />
                <line number="34" hits="55" branch="false" />
              </lines>
            </method>
            <method name="GetEnumerator" signature="()" line-rate="0" branch-rate="0" complexity="2">
              <lines>
                <line number="147" hits="0" branch="false" />
                <line number="148" hits="0" branch="false" />
                <line number="149" hits="0" branch="true" condition-coverage="0% (0/2)" />
                <line number="150" hits="0" branch="false" />
                <line number="151" hits="0" branch="false" />
                <line number="152" hits="0" branch="false" />
                <line number="153" hits="0" branch="false" />
                <line number="154" hits="0" branch="false" />
              </lines>
            </method>
          </methods>
          <lines>
            <line number="20" hits="9" branch="false" />
            <line number="21" hits="9" branch="false" />
            <line number="22" hits="9" branch="false" />
            <line number="23" hits="9" branch="false" />
            <line number="24" hits="9" branch="false" />
            <line number="25" hits="9" branch="false" />
            <line number="27" hits="56" branch="false" />
            <line number="28" hits="56" branch="false" />
            <line number="29" hits="57" branch="true" condition-coverage="100% (2/2)" />
            <line number="30" hits="679" branch="true" condition-coverage="100% (2/2)" />
            <line number="31" hits="257" branch="false" />
            <line number="32" hits="257" branch="false" />
            <line number="33" hits="257" branch="false" />
            <line number="34" hits="55" branch="false" />
            <line number="38" hits="623" branch="true" condition-coverage="100% (2/2)" />
            <line number="39" hits="75" branch="true" condition-coverage="100% (2/2)" />
            <line number="40" hits="67" branch="true" condition-coverage="100% (2/2)" />
            <line number="43" hits="279" branch="false" />
            <line number="44" hits="279" branch="false" />
            <line number="45" hits="279" branch="false" />
            <line number="48" hits="5" branch="false" />
            <line number="49" hits="5" branch="false" />
            <line number="50" hits="5" branch="false" />
            <line number="53" hits="1" branch="false" />
            <line number="54" hits="1" branch="false" />
            <line number="55" hits="1" branch="false" />
            <line number="61" hits="1" branch="false" />
            <line number="64" hits="258" branch="false" />
            <line number="65" hits="258" branch="false" />
            <line number="66" hits="258" branch="true" condition-coverage="100% (2/2)" />
            <line number="67" hits="54" branch="false" />
            <line number="68" hits="54" branch="false" />
            <line number="69" hits="54" branch="false" />
            <line number="70" hits="54" branch="false" />
            <line number="72" hits="204" branch="false" />
            <line number="73" hits="204" branch="false" />
            <line number="74" hits="204" branch="false" />
            <line number="75" hits="204" branch="false" />
            <line number="76" hits="204" branch="false" />
            <line number="77" hits="258" branch="false" />
            <line number="78" hits="258" branch="false" />
            <line number="79" hits="258" branch="false" />
            <line number="81" hits="1" branch="false" />
            <line number="82" hits="1" branch="false" />
            <line number="83" hits="1" branch="false" />
            <line number="84" hits="1" branch="false" />
            <line number="85" hits="1" branch="false" />
            <line number="86" hits="1" branch="false" />
            <line number="89" hits="8" branch="false" />
            <line number="90" hits="8" branch="false" />
            <line number="91" hits="31" branch="true" condition-coverage="100% (2/2)" />
            <line number="92" hits="26" branch="false" />
            <line number="93" hits="29" branch="true" condition-coverage="100% (2/2)" />
            <line number="94" hits="23" branch="false" />
            <line number="95" hits="23" branch="false" />
            <line number="96" hits="5" branch="false" />
            <line number="97" hits="8" branch="false" />
            <line number="100" hits="5" branch="false" />
            <line number="101" hits="6" branch="true" condition-coverage="100% (2/2)" />
            <line number="102" hits="5" branch="true" condition-coverage="100% (2/2)" />
            <line number="103" hits="4" branch="true" condition-coverage="100% (2/2)" />
            <line number="104" hits="3" branch="true" condition-coverage="100% (2/2)" />
            <line number="106" hits="1" branch="false" />
            <line number="107" hits="6" branch="true" condition-coverage="100% (2/2)" />
            <line number="108" hits="5" branch="false" />
            <line number="109" hits="5" branch="false" />
            <line number="110" hits="5" branch="false" />
            <line number="111" hits="5" branch="false" />
            <line number="112" hits="1" branch="false" />
            <line number="115" hits="4" branch="false" />
            <line number="116" hits="4" branch="false" />
            <line number="117" hits="15" branch="true" condition-coverage="100% (2/2)" />
            <line number="118" hits="14" branch="false" />
            <line number="119" hits="14" branch="true" condition-coverage="100% (2/2)" />
            <line number="120" hits="3" branch="false" />
            <line number="121" hits="3" branch="false" />
            <line number="122" hits="3" branch="false" />
            <line number="123" hits="3" branch="true" condition-coverage="100% (2/2)" />
            <line number="124" hits="1" branch="false" />
            <line number="125" hits="1" branch="false" />
            <line number="126" hits="1" branch="false" />
            <line number="127" hits="1" branch="false" />
            <line number="129" hits="2" branch="false" />
            <line number="130" hits="2" branch="false" />
            <line number="131" hits="2" branch="false" />
            <line number="133" hits="3" branch="true" condition-coverage="100% (2/2)" />
            <line number="134" hits="2" branch="false" />
            <line number="135" hits="2" branch="false" />
            <line number="136" hits="2" branch="false" />
            <line number="138" hits="3" branch="false" />
            <line number="139" hits="3" branch="false" />
            <line number="141" hits="11" branch="false" />
            <line number="142" hits="11" branch="false" />
            <line number="143" hits="1" branch="false" />
            <line number="144" hits="4" branch="false" />
            <line number="147" hits="0" branch="false" />
            <line number="148" hits="0" branch="false" />
            <line number="149" hits="0" branch="true" condition-coverage="0% (0/2)" />
            <line number="150" hits="0" branch="false" />
            <line number="151" hits="0" branch="false" />
            <line number="152" hits="0" branch="false" />
            <line number="153" hits="0" branch="false" />
            <line number="154" hits="0" branch="false" />
            <line number="156" hits="0" branch="false" />
            <line number="157" hits="0" branch="false" />
            <line number="158" hits="0" branch="false" />
            <line number="163" hits="8" branch="false" />
            <line number="164" hits="1" branch="false" />
            <line number="169" hits="2" branch="false" />
            <line number="170" hits="2" branch="false" />
            <line number="171" hits="2" branch="false" />
            <line number="172" hits="2" branch="false" />
            <line number="175" hits="5" branch="false" />
            <line number="176" hits="6" branch="true" condition-coverage="100% (2/2)" />
            <line number="177" hits="5" branch="true" condition-coverage="100% (2/2)" />
            <line number="178" hits="4" branch="true" condition-coverage="100% (2/2)" />
            <line number="179" hits="3" branch="true" condition-coverage="100% (2/2)" />
            <line number="181" hits="1" branch="false" />
            <line number="182" hits="6" branch="true" condition-coverage="100% (2/2)" />
            <line number="183" hits="5" branch="false" />
            <line number="184" hits="5" branch="false" />
            <line number="185" hits="5" branch="false" />
            <line number="186" hits="5" branch="false" />
            <line number="187" hits="1" branch="false" />
            <line number="194" hits="22" branch="false" />
            <line number="195" hits="24" branch="true" condition-coverage="100% (4/4)" />
            <line number="196" hits="20" branch="false" />
            <line number="197" hits="132" branch="true" condition-coverage="100% (2/2)" />
            <line number="198" hits="46" branch="false" />
            <line number="199" hits="46" branch="false" />
            <line number="200" hits="46" branch="false" />
            <line number="201" hits="20" branch="false" />
            <line number="202" hits="20" branch="false" />
            <line number="207" hits="8" branch="false" />
            <line number="208" hits="9" branch="true" condition-coverage="100% (2/2)" />
            <line number="209" hits="7" branch="false" />
            <line number="210" hits="7" branch="false" />
            <line number="215" hits="8" branch="false" />
            <line number="216" hits="9" branch="true" condition-coverage="100% (2/2)" />
            <line number="217" hits="7" branch="false" />
            <line number="218" hits="7" branch="false" />
            <line number="221" hits="2" branch="false" />
            <line number="222" hits="2" branch="false" />
            <line number="223" hits="2" branch="true" condition-coverage="100% (2/2)" />
            <line number="224" hits="1" branch="false" />
            <line number="225" hits="1" branch="false" />
            <line number="226" hits="1" branch="false" />
            <line number="227" hits="1" branch="false" />
            <line number="229" hits="1" branch="false" />
            <line number="230" hits="1" branch="false" />
            <line number="231" hits="1" branch="false" />
            <line number="232" hits="1" branch="false" />
            <line number="233" hits="1" branch="false" />
            <line number="234" hits="2" branch="false" />
            <line number="235" hits="2" branch="false" />
            <line number="236" hits="2" branch="false" />
            <line number="239" hits="5" branch="false" />
            <line number="240" hits="6" branch="true" condition-coverage="100% (2/2)" />
            <line number="241" hits="5" branch="true" condition-coverage="100% (2/2)" />
            <line number="242" hits="3" branch="false" />
            <line number="243" hits="3" branch="true" condition-coverage="100% (2/2)" />
            <line number="244" hits="1" branch="false" />
            <line number="245" hits="1" branch="false" />
            <line number="246" hits="1" branch="false" />
            <line number="247" hits="1" branch="false" />
            <line number="249" hits="2" branch="false" />
            <line number="250" hits="2" branch="false" />
            <line number="251" hits="2" branch="false" />
            <line number="252" hits="2" branch="false" />
            <line number="253" hits="2" branch="false" />
            <line number="254" hits="3" branch="false" />
            <line number="255" hits="3" branch="false" />
            <line number="256" hits="3" branch="false" />
            <line number="259" hits="2" branch="false" />
            <line number="260" hits="2" branch="false" />
            <line number="261" hits="2" branch="true" condition-coverage="100% (2/2)" />
            <line number="262" hits="1" branch="false" />
            <line number="263" hits="1" branch="false" />
            <line number="264" hits="1" branch="false" />
            <line number="265" hits="1" branch="false" />
            <line number="267" hits="1" branch="false" />
            <line number="268" hits="1" branch="false" />
            <line number="269" hits="1" branch="false" />
            <line number="270" hits="1" branch="false" />
            <line number="271" hits="1" branch="false" />
            <line number="272" hits="2" branch="false" />
            <line number="273" hits="2" branch="false" />
            <line number="274" hits="2" branch="false" />
            <line number="277" hits="4" branch="false" />
            <line number="278" hits="5" branch="true" condition-coverage="100% (2/2)" />
            <line number="279" hits="4" branch="true" condition-coverage="100% (2/2)" />
            <line number="280" hits="2" branch="false" />
            <line number="281" hits="2" branch="true" condition-coverage="100% (2/2)" />
            <line number="282" hits="1" branch="false" />
            <line number="283" hits="1" branch="false" />
            <line number="284" hits="1" branch="false" />
            <line number="285" hits="1" branch="false" />
            <line number="287" hits="1" branch="false" />
            <line number="288" hits="1" branch="false" />
            <line number="289" hits="1" branch="false" />
            <line number="290" hits="1" branch="false" />
            <line number="291" hits="1" branch="false" />
            <line number="292" hits="2" branch="false" />
            <line number="293" hits="2" branch="false" />
            <line number="294" hits="2" branch="false" />
            <line number="297" hits="7" branch="false" />
            <line number="298" hits="8" branch="true" condition-coverage="100% (2/2)" />
            <line number="299" hits="7" branch="true" condition-coverage="100% (2/2)" />
            <line number="300" hits="6" branch="true" condition-coverage="100% (2/2)" />
            <line number="301" hits="4" branch="false" />
            <line number="302" hits="4" branch="false" />
            <line number="303" hits="15" branch="true" condition-coverage="100% (2/2)" />
            <line number="304" hits="14" branch="false" />
            <line number="305" hits="14" branch="true" condition-coverage="100% (2/2)" />
            <line number="306" hits="3" branch="false" />
            <line number="307" hits="3" branch="true" condition-coverage="100% (2/2)" />
            <line number="308" hits="2" branch="false" />
            <line number="309" hits="2" branch="false" />
            <line number="310" hits="2" branch="false" />
            <line number="311" hits="3" branch="false" />
            <line number="312" hits="3" branch="false" />
            <line number="313" hits="3" branch="false" />
            <line number="314" hits="4" branch="true" condition-coverage="100% (2/2)" />
            <line number="315" hits="3" branch="false" />
            <line number="316" hits="3" branch="false" />
            <line number="317" hits="3" branch="false" />
            <line number="319" hits="11" branch="false" />
            <line number="320" hits="11" branch="false" />
            <line number="321" hits="1" branch="false" />
            <line number="322" hits="3" branch="false" />
            <line number="325" hits="5" branch="false" />
            <line number="326" hits="6" branch="true" condition-coverage="100% (2/2)" />
            <line number="327" hits="4" branch="false" />
            <line number="328" hits="4" branch="false" />
            <line number="329" hits="15" branch="true" condition-coverage="100% (2/2)" />
            <line number="330" hits="14" branch="false" />
            <line number="331" hits="14" branch="true" condition-coverage="100% (2/2)" />
            <line number="332" hits="3" branch="false" />
            <line number="333" hits="3" branch="true" condition-coverage="100% (2/2)" />
            <line number="334" hits="2" branch="false" />
            <line number="335" hits="2" branch="false" />
            <line number="336" hits="2" branch="false" />
            <line number="337" hits="3" branch="false" />
            <line number="338" hits="3" branch="false" />
            <line number="339" hits="3" branch="false" />
            <line number="340" hits="4" branch="true" condition-coverage="100% (2/2)" />
            <line number="341" hits="3" branch="false" />
            <line number="342" hits="3" branch="false" />
            <line number="343" hits="3" branch="false" />
            <line number="345" hits="11" branch="false" />
            <line number="346" hits="11" branch="false" />
            <line number="347" hits="1" branch="false" />
            <line number="348" hits="3" branch="false" />
            <line number="351" hits="7" branch="false" />
            <line number="352" hits="8" branch="true" condition-coverage="100% (2/2)" />
            <line number="353" hits="7" branch="true" condition-coverage="100% (2/2)" />
            <line number="354" hits="6" branch="true" condition-coverage="100% (2/2)" />
            <line number="356" hits="4" branch="false" />
            <line number="357" hits="4" branch="false" />
            <line number="358" hits="15" branch="true" condition-coverage="100% (2/2)" />
            <line number="359" hits="14" branch="false" />
            <line number="360" hits="14" branch="true" condition-coverage="100% (2/2)" />
            <line number="361" hits="3" branch="false" />
            <line number="362" hits="3" branch="true" condition-coverage="100% (2/2)" />
            <line number="363" hits="2" branch="false" />
            <line number="364" hits="2" branch="false" />
            <line number="365" hits="2" branch="false" />
            <line number="366" hits="3" branch="false" />
            <line number="367" hits="3" branch="false" />
            <line number="368" hits="3" branch="false" />
            <line number="369" hits="4" branch="true" condition-coverage="100% (2/2)" />
            <line number="370" hits="3" branch="false" />
            <line number="371" hits="3" branch="false" />
            <line number="372" hits="3" branch="false" />
            <line number="374" hits="11" branch="false" />
            <line number="375" hits="11" branch="false" />
            <line number="376" hits="1" branch="false" />
            <line number="377" hits="3" branch="false" />
            <line number="380" hits="5" branch="false" />
            <line number="381" hits="6" branch="true" condition-coverage="100% (2/2)" />
            <line number="382" hits="4" branch="false" />
            <line number="383" hits="4" branch="false" />
            <line number="384" hits="15" branch="true" condition-coverage="100% (2/2)" />
            <line number="385" hits="14" branch="false" />
            <line number="386" hits="14" branch="true" condition-coverage="100% (2/2)" />
            <line number="387" hits="3" branch="false" />
            <line number="388" hits="3" branch="true" condition-coverage="100% (2/2)" />
            <line number="389" hits="2" branch="false" />
            <line number="390" hits="2" branch="false" />
            <line number="391" hits="2" branch="false" />
            <line number="392" hits="3" branch="false" />
            <line number="393" hits="3" branch="false" />
            <line number="394" hits="3" branch="false" />
            <line number="395" hits="4" branch="true" condition-coverage="100% (2/2)" />
            <line number="396" hits="3" branch="false" />
            <line number="397" hits="3" branch="false" />
            <line number="398" hits="3" branch="false" />
            <line number="400" hits="11" branch="false" />
            <line number="401" hits="11" branch="false" />
            <line number="402" hits="1" branch="false" />
            <line number="403" hits="3" branch="false" />
            <line number="406" hits="2" branch="false" />
            <line number="407" hits="3" branch="true" condition-coverage="100% (2/2)" />
            <line number="408" hits="1" branch="false" />
            <line number="409" hits="1" branch="false" />
            <line number="410" hits="1" branch="false" />
            <line number="411" hits="1" branch="false" />
            <line number="412" hits="1" branch="false" />
            <line number="413" hits="1" branch="false" />
            <line number="414" hits="2" branch="false" />
            <line number="416" hits="2" branch="false" />
            <line number="417" hits="3" branch="true" condition-coverage="100% (2/2)" />
            <line number="418" hits="1" branch="false" />
            <line number="419" hits="1" branch="false" />
            <line number="420" hits="1" branch="false" />
            <line number="421" hits="1" branch="false" />
            <line number="422" hits="1" branch="false" />
            <line number="423" hits="1" branch="false" />
            <line number="424" hits="2" branch="false" />
            <line number="427" hits="2" branch="false" />
            <line number="428" hits="2" branch="false" />
            <line number="429" hits="9" branch="true" condition-coverage="100% (2/2)" />
            <line number="430" hits="8" branch="false" />
            <line number="431" hits="8" branch="true" condition-coverage="100% (2/2)" />
            <line number="432" hits="1" branch="false" />
            <line number="433" hits="1" branch="false" />
            <line number="435" hits="7" branch="false" />
            <line number="436" hits="7" branch="false" />
            <line number="437" hits="1" branch="false" />
            <line number="438" hits="2" branch="false" />
            <line number="440" hits="2" branch="false" />
            <line number="441" hits="2" branch="false" />
            <line number="442" hits="9" branch="true" condition-coverage="100% (2/2)" />
            <line number="443" hits="8" branch="false" />
            <line number="444" hits="8" branch="true" condition-coverage="100% (2/2)" />
            <line number="445" hits="1" branch="false" />
            <line number="446" hits="1" branch="false" />
            <line number="448" hits="7" branch="false" />
            <line number="449" hits="7" branch="false" />
            <line number="450" hits="1" branch="false" />
            <line number="451" hits="2" branch="false" />
            <line number="453" hits="19" branch="false" />
            <line number="454" hits="21" branch="true" condition-coverage="100% (4/4)" />
            <line number="455" hits="17" branch="false" />
            <line number="456" hits="98" branch="true" condition-coverage="100% (2/2)" />
            <line number="457" hits="32" branch="false" />
            <line number="458" hits="32" branch="false" />
            <line number="459" hits="32" branch="false" />
            <line number="460" hits="17" branch="false" />
            <line number="461" hits="17" branch="false" />
            <line number="463" hits="56" branch="false" />
            <line number="464" hits="56" branch="false" />
            <line number="465" hits="56" branch="false" />
          </lines>
        </class>
        <class name="LinkedList.LinkedListNode`1" filename="D:\Programming\C#\univer\LinkedList\LinkedList\LinkedListNode.cs" line-rate="1" branch-rate="1" complexity="6">
          <methods>
            <method name="get_Value" signature="()" line-rate="1" branch-rate="1" complexity="1">
              <lines>
                <line number="12" hits="390" branch="false" />
              </lines>
            </method>
            <method name="get_Next" signature="()" line-rate="1" branch-rate="1" complexity="1">
              <lines>
                <line number="13" hits="717" branch="false" />
              </lines>
            </method>
            <method name="get_Previous" signature="()" line-rate="1" branch-rate="1" complexity="1">
              <lines>
                <line number="14" hits="551" branch="false" />
              </lines>
            </method>
            <method name="get_List" signature="()" line-rate="1" branch-rate="1" complexity="1">
              <lines>
                <line number="15" hits="323" branch="false" />
              </lines>
            </method>
            <method name=".ctor" signature="(...)" line-rate="1" branch-rate="1" complexity="1">
              <lines>
                <line number="17" hits="15" branch="false" />
                <line number="18" hits="15" branch="false" />
                <line number="19" hits="15" branch="false" />
                <line number="20" hits="15" branch="false" />
                <line number="21" hits="15" branch="false" />
              </lines>
            </method>
            <method name=".ctor" signature="(...)" line-rate="1" branch-rate="1" complexity="1">
              <lines>
                <line number="23" hits="270" branch="false" />
                <line number="24" hits="270" branch="false" />
                <line number="25" hits="270" branch="false" />
                <line number="26" hits="270" branch="false" />
                <line number="27" hits="270" branch="false" />
              </lines>
            </method>
          </methods>
          <lines>
            <line number="12" hits="390" branch="false" />
            <line number="13" hits="717" branch="false" />
            <line number="14" hits="551" branch="false" />
            <line number="15" hits="323" branch="false" />
            <line number="17" hits="15" branch="false" />
            <line number="18" hits="15" branch="false" />
            <line number="19" hits="15" branch="false" />
            <line number="20" hits="15" branch="false" />
            <line number="21" hits="15" branch="false" />
            <line number="23" hits="270" branch="false" />
            <line number="24" hits="270" branch="false" />
            <line number="25" hits="270" branch="false" />
            <line number="26" hits="270" branch="false" />
            <line number="27" hits="270" branch="false" />
          </lines>
        </class>
      </classes>
    </package>
    <package name="LinkedList.Tests" line-rate="0.997347480106101" branch-rate="1" complexity="52">
      <classes>
        <class name="AutoGeneratedProgram" filename="C:\Users\lordo\.nuget\packages\microsoft.net.test.sdk\16.11.0\build\netcoreapp2.1\Microsoft.NET.Test.Sdk.Program.cs" line-rate="0" branch-rate="1" complexity="1">
          <methods>
            <method name="Main" signature="(...)" line-rate="0" branch-rate="1" complexity="1">
              <lines>
                <line number="4" hits="0" branch="false" />
              </lines>
            </method>
          </methods>
          <lines>
            <line number="4" hits="0" branch="false" />
          </lines>
        </class>
        <class name="LinkedList.Tests.Tests" filename="D:\Programming\C#\univer\LinkedList\LinkedList.Tests\LinkedList.Tests.cs" line-rate="1" branch-rate="1" complexity="51">
          <methods>
            <method name="SetUp" signature="()" line-rate="1" branch-rate="1" complexity="1">
              <lines>
                <line number="15" hits="1" branch="false" />
                <line number="16" hits="1" branch="false" />
                <line number="17" hits="1" branch="false" />
              </lines>
            </method>
            <method name="Constructor_PassNUllMassisve_ArgumentNullException" signature="()" line-rate="1" branch-rate="1" complexity="1">
              <lines>
                <line number="21" hits="1" branch="false" />
                <line number="22" hits="1" branch="false" />
                <line number="25" hits="2" branch="false" />
                <line number="27" hits="1" branch="false" />
                <line number="28" hits="1" branch="false" />
                <line number="29" hits="1" branch="false" />
              </lines>
            </method>
            <method name="Add_NumToCollection_CountIs1AndListIsNotNullOrEmpty" signature="()" line-rate="1" branch-rate="1" complexity="1">
              <lines>
                <line number="35" hits="1" branch="false" />
                <line number="36" hits="1" branch="false" />
                <line number="37" hits="1" branch="false" />
                <line number="39" hits="1" branch="false" />
                <line number="41" hits="1" branch="false" />
                <line number="42" hits="1" branch="false" />
                <line number="43" hits="1" branch="false" />
                <line number="44" hits="1" branch="false" />
              </lines>
            </method>
            <method name="Clear_CountIs0AndListIsEmpty" signature="()" line-rate="1" branch-rate="1" complexity="1">
              <lines>
                <line number="48" hits="1" branch="false" />
                <line number="49" hits="1" branch="false" />
                <line number="50" hits="1" branch="false" />
                <line number="52" hits="1" branch="false" />
                <line number="54" hits="1" branch="false" />
                <line number="55" hits="1" branch="false" />
                <line number="56" hits="1" branch="false" />
                <line number="57" hits="1" branch="false" />
              </lines>
            </method>
            <method name="Contains_ContainsVariousNum_ReturnEqualsExpected" signature="(...)" line-rate="1" branch-rate="1" complexity="1">
              <lines>
                <line number="65" hits="5" branch="false" />
                <line number="66" hits="5" branch="false" />
                <line number="68" hits="5" branch="false" />
                <line number="70" hits="5" branch="false" />
                <line number="72" hits="5" branch="false" />
              </lines>
            </method>
            <method name="CopyTo_CopyToMassiveSameElementsAsInList_MassiveEqualsExpeсted" signature="()" line-rate="1" branch-rate="1" complexity="1">
              <lines>
                <line number="76" hits="1" branch="false" />
                <line number="77" hits="1" branch="false" />
                <line number="78" hits="1" branch="false" />
                <line number="79" hits="1" branch="false" />
                <line number="81" hits="1" branch="false" />
                <line number="83" hits="1" branch="false" />
                <line number="85" hits="1" branch="false" />
              </lines>
            </method>
            <method name="CopyTo_CopyToEmptyCollection_ArgumentNullException" signature="()" line-rate="1" branch-rate="1" complexity="1">
              <lines>
                <line number="88" hits="1" branch="false" />
                <line number="89" hits="1" branch="false" />
                <line number="90" hits="1" branch="false" />
                <line number="92" hits="2" branch="false" />
                <line number="94" hits="1" branch="false" />
                <line number="95" hits="1" branch="false" />
                <line number="96" hits="1" branch="false" />
              </lines>
            </method>
            <method name="CopyTo_CopyToNullMassive_ArgumentNullException" signature="()" line-rate="1" branch-rate="1" complexity="1">
              <lines>
                <line number="99" hits="1" branch="false" />
                <line number="100" hits="1" branch="false" />
                <line number="101" hits="1" branch="false" />
                <line number="103" hits="2" branch="false" />
                <line number="105" hits="1" branch="false" />
                <line number="106" hits="1" branch="false" />
                <line number="107" hits="1" branch="false" />
              </lines>
            </method>
            <method name="CopyTo_CopyToWitnIdexBelowZero_ArgumentOutOfRange" signature="()" line-rate="1" branch-rate="1" complexity="1">
              <lines>
                <line number="110" hits="1" branch="false" />
                <line number="111" hits="1" branch="false" />
                <line number="112" hits="1" branch="false" />
                <line number="114" hits="2" branch="false" />
                <line number="116" hits="1" branch="false" />
                <line number="117" hits="1" branch="false" />
                <line number="118" hits="1" branch="false" />
              </lines>
            </method>
            <method name="CopyTo_CopyToMassiveWithSizeLessThanCount_ArgumentException" signature="()" line-rate="1" branch-rate="1" complexity="1">
              <lines>
                <line number="121" hits="1" branch="false" />
                <line number="122" hits="1" branch="false" />
                <line number="123" hits="1" branch="false" />
                <line number="125" hits="2" branch="false" />
                <line number="127" hits="1" branch="false" />
                <line number="128" hits="1" branch="false" />
                <line number="129" hits="1" branch="false" />
              </lines>
            </method>
            <method name="Remove_RemoveNumInList_ContainsNumFalseAndResOfRemoveIsTrue" signature="(...)" line-rate="1" branch-rate="1" complexity="1">
              <lines>
                <line number="136" hits="3" branch="false" />
                <line number="137" hits="3" branch="false" />
                <line number="139" hits="3" branch="false" />
                <line number="141" hits="3" branch="false" />
                <line number="142" hits="3" branch="false" />
                <line number="143" hits="3" branch="false" />
              </lines>
            </method>
            <method name="Remove_RemoveNotContainedNum_ReturnFalse" signature="()" line-rate="1" branch-rate="1" complexity="1">
              <lines>
                <line number="146" hits="1" branch="false" />
                <line number="147" hits="1" branch="false" />
                <line number="149" hits="1" branch="false" />
                <line number="151" hits="1" branch="false" />
                <line number="152" hits="1" branch="false" />
              </lines>
            </method>
            <method name="IsReadOnly_ReturnFalse" signature="()" line-rate="1" branch-rate="1" complexity="1">
              <lines>
                <line number="156" hits="1" branch="false" />
                <line number="157" hits="1" branch="false" />
                <line number="159" hits="1" branch="false" />
                <line number="160" hits="1" branch="false" />
              </lines>
            </method>
            <method name="Count_CountOfCollectionIsEqualsToLengthOfMatrix" signature="(...)" line-rate="1" branch-rate="1" complexity="1">
              <lines>
                <line number="182" hits="3" branch="false" />
                <line number="183" hits="3" branch="false" />
                <line number="185" hits="3" branch="false" />
                <line number="187" hits="3" branch="false" />
                <line number="188" hits="3" branch="false" />
              </lines>
            </method>
            <method name="IsSynchronized_ReturnFalse" signature="()" line-rate="1" branch-rate="1" complexity="1">
              <lines>
                <line number="191" hits="1" branch="false" />
                <line number="192" hits="1" branch="false" />
                <line number="194" hits="1" branch="false" />
                <line number="195" hits="1" branch="false" />
              </lines>
            </method>
            <method name="SyncRoot_SyncRoot_ReturnsSameObject" signature="()" line-rate="1" branch-rate="1" complexity="1">
              <lines>
                <line number="199" hits="1" branch="false" />
                <line number="200" hits="1" branch="false" />
                <line number="202" hits="1" branch="false" />
                <line number="204" hits="1" branch="false" />
                <line number="205" hits="1" branch="false" />
              </lines>
            </method>
            <method name="CopyToLegacy_CopyToMassiveSameElementsAsInList_MassiveEqualsExpeсted" signature="()" line-rate="1" branch-rate="1" complexity="1">
              <lines>
                <line number="209" hits="1" branch="false" />
                <line number="210" hits="1" branch="false" />
                <line number="211" hits="1" branch="false" />
                <line number="212" hits="1" branch="false" />
                <line number="214" hits="1" branch="false" />
                <line number="216" hits="1" branch="false" />
                <line number="218" hits="1" branch="false" />
              </lines>
            </method>
            <method name="CopyToLegacy_CopyToEmptyCollection_ArgumentNullException" signature="()" line-rate="1" branch-rate="1" complexity="1">
              <lines>
                <line number="221" hits="1" branch="false" />
                <line number="222" hits="1" branch="false" />
                <line number="223" hits="1" branch="false" />
                <line number="224" hits="1" branch="false" />
                <line number="226" hits="2" branch="false" />
                <line number="228" hits="1" branch="false" />
                <line number="229" hits="1" branch="false" />
                <line number="230" hits="1" branch="false" />
              </lines>
            </method>
            <method name="CopyToLegacy_CopyToNullMassive_ArgumentNullException" signature="()" line-rate="1" branch-rate="1" complexity="1">
              <lines>
                <line number="233" hits="1" branch="false" />
                <line number="234" hits="1" branch="false" />
                <line number="235" hits="1" branch="false" />
                <line number="237" hits="2" branch="false" />
                <line number="239" hits="1" branch="false" />
                <line number="240" hits="1" branch="false" />
                <line number="241" hits="1" branch="false" />
              </lines>
            </method>
            <method name="CopyToLegacy_CopyToWitnIdexBelowZero_ArgumentOutOfRange" signature="()" line-rate="1" branch-rate="1" complexity="1">
              <lines>
                <line number="244" hits="1" branch="false" />
                <line number="245" hits="1" branch="false" />
                <line number="246" hits="1" branch="false" />
                <line number="248" hits="2" branch="false" />
                <line number="250" hits="1" branch="false" />
                <line number="251" hits="1" branch="false" />
                <line number="252" hits="1" branch="false" />
              </lines>
            </method>
            <method name="CopyToLegacy_CopyToMassiveWithSizeLessThanCount_ArgumentException" signature="()" line-rate="1" branch-rate="1" complexity="1">
              <lines>
                <line number="255" hits="1" branch="false" />
                <line number="256" hits="1" branch="false" />
                <line number="257" hits="1" branch="false" />
                <line number="259" hits="2" branch="false" />
                <line number="261" hits="1" branch="false" />
                <line number="262" hits="1" branch="false" />
                <line number="263" hits="1" branch="false" />
              </lines>
            </method>
            <method name="This_ThisReturnsCorrectNum" signature="(...)" line-rate="1" branch-rate="1" complexity="1">
              <lines>
                <line number="272" hits="3" branch="false" />
                <line number="273" hits="3" branch="false" />
                <line number="275" hits="3" branch="false" />
                <line number="277" hits="3" branch="false" />
                <line number="278" hits="3" branch="false" />
              </lines>
            </method>
            <method name="Get_GetReturnsCorrectNode" signature="(...)" line-rate="1" branch-rate="1" complexity="1">
              <lines>
                <line number="283" hits="3" branch="false" />
                <line number="284" hits="3" branch="false" />
                <line number="285" hits="3" branch="false" />
                <line number="288" hits="3" branch="false" />
                <line number="290" hits="3" branch="false" />
                <line number="291" hits="3" branch="false" />
                <line number="292" hits="3" branch="false" />
              </lines>
            </method>
            <method name="Get_GetElementOnInCorrectIndex_ArgumentOutOfRange" signature="(...)" line-rate="1" branch-rate="1" complexity="1">
              <lines>
                <line number="296" hits="2" branch="false" />
                <line number="297" hits="4" branch="false" />
                <line number="299" hits="2" branch="false" />
                <line number="300" hits="2" branch="false" />
              </lines>
            </method>
            <method name="This_ThisWithIncorrectIndex_IndexOutOfRange" signature="(...)" line-rate="1" branch-rate="1" complexity="1">
              <lines>
                <line number="304" hits="2" branch="false" />
                <line number="307" hits="4" branch="false" />
                <line number="309" hits="2" branch="false" />
                <line number="310" hits="2" branch="false" />
                <line number="311" hits="2" branch="false" />
              </lines>
            </method>
            <method name="First_ReturnsFirstElemOfCollection_FirstElemEqualsNum" signature="()" line-rate="1" branch-rate="1" complexity="1">
              <lines>
                <line number="314" hits="1" branch="false" />
                <line number="315" hits="1" branch="false" />
                <line number="316" hits="1" branch="false" />
                <line number="318" hits="1" branch="false" />
                <line number="320" hits="1" branch="false" />
                <line number="321" hits="1" branch="false" />
              </lines>
            </method>
            <method name="First_FirstElementButCollectionIsEmpty_InvalidOperationException" signature="()" line-rate="1" branch-rate="1" complexity="1">
              <lines>
                <line number="324" hits="1" branch="false" />
                <line number="327" hits="2" branch="false" />
                <line number="329" hits="1" branch="false" />
                <line number="330" hits="1" branch="false" />
              </lines>
            </method>
            <method name="Last_ReturnsLastElemOfCollection_LastElemEqualsNum" signature="()" line-rate="1" branch-rate="1" complexity="1">
              <lines>
                <line number="333" hits="1" branch="false" />
                <line number="334" hits="1" branch="false" />
                <line number="335" hits="1" branch="false" />
                <line number="337" hits="1" branch="false" />
                <line number="339" hits="1" branch="false" />
                <line number="340" hits="1" branch="false" />
              </lines>
            </method>
            <method name="Last_LastElementButCollectionIsEmpty_InvalidOperationException" signature="()" line-rate="1" branch-rate="1" complexity="1">
              <lines>
                <line number="344" hits="1" branch="false" />
                <line number="347" hits="2" branch="false" />
                <line number="349" hits="1" branch="false" />
                <line number="350" hits="1" branch="false" />
              </lines>
            </method>
            <method name="AddFirst_AddFirstItemToEmptyCollection_FirstEqualsToAdded" signature="()" line-rate="1" branch-rate="1" complexity="1">
              <lines>
                <line number="354" hits="1" branch="false" />
                <line number="355" hits="1" branch="false" />
                <line number="356" hits="1" branch="false" />
                <line number="358" hits="1" branch="false" />
                <line number="359" hits="1" branch="false" />
                <line number="361" hits="1" branch="false" />
                <line number="362" hits="1" branch="false" />
              </lines>
            </method>
            <method name="AddFirst_AddFirstItemToStart_FirstEqualsToAdded" signature="()" line-rate="1" branch-rate="1" complexity="1">
              <lines>
                <line number="365" hits="1" branch="false" />
                <line number="366" hits="1" branch="false" />
                <line number="367" hits="1" branch="false" />
                <line number="369" hits="1" branch="false" />
                <line number="370" hits="1" branch="false" />
                <line number="372" hits="1" branch="false" />
                <line number="373" hits="1" branch="false" />
              </lines>
            </method>
            <method name="AddFLast_AddLastItemToEmptyCollection_LastEqualsToAdded" signature="()" line-rate="1" branch-rate="1" complexity="1">
              <lines>
                <line number="376" hits="1" branch="false" />
                <line number="377" hits="1" branch="false" />
                <line number="378" hits="1" branch="false" />
                <line number="380" hits="1" branch="false" />
                <line number="381" hits="1" branch="false" />
                <line number="383" hits="1" branch="false" />
                <line number="384" hits="1" branch="false" />
              </lines>
            </method>
            <method name="AddLast_AddLastTItemToEnd_LastEqualsToAdded" signature="()" line-rate="1" branch-rate="1" complexity="1">
              <lines>
                <line number="387" hits="1" branch="false" />
                <line number="388" hits="1" branch="false" />
                <line number="389" hits="1" branch="false" />
                <line number="391" hits="1" branch="false" />
                <line number="392" hits="1" branch="false" />
                <line number="394" hits="1" branch="false" />
                <line number="395" hits="1" branch="false" />
              </lines>
            </method>
            <method name="AddFirst_AddFirstNodeToEmptyCollection_FirstEqualsToAdded" signature="()" line-rate="1" branch-rate="1" complexity="1">
              <lines>
                <line number="398" hits="1" branch="false" />
                <line number="399" hits="1" branch="false" />
                <line number="400" hits="1" branch="false" />
                <line number="401" hits="1" branch="false" />
                <line number="403" hits="1" branch="false" />
                <line number="404" hits="1" branch="false" />
                <line number="406" hits="1" branch="false" />
                <line number="407" hits="1" branch="false" />
              </lines>
            </method>
            <method name="AddFirst_AddFirstNodeToStart_FirstEqualsToAdded" signature="()" line-rate="1" branch-rate="1" complexity="1">
              <lines>
                <line number="410" hits="1" branch="false" />
                <line number="411" hits="1" branch="false" />
                <line number="412" hits="1" branch="false" />
                <line number="413" hits="1" branch="false" />
                <line number="416" hits="1" branch="false" />
                <line number="417" hits="1" branch="false" />
                <line number="419" hits="1" branch="false" />
                <line number="420" hits="1" branch="false" />
              </lines>
            </method>
            <method name="AddLast_AddLastNodeToEmptyCollection_LastEqualsToAdded" signature="()" line-rate="1" branch-rate="1" complexity="1">
              <lines>
                <line number="423" hits="1" branch="false" />
                <line number="424" hits="1" branch="false" />
                <line number="425" hits="1" branch="false" />
                <line number="426" hits="1" branch="false" />
                <line number="428" hits="1" branch="false" />
                <line number="429" hits="1" branch="false" />
                <line number="431" hits="1" branch="false" />
                <line number="432" hits="1" branch="false" />
              </lines>
            </method>
            <method name="AddLast_AddLastNodeToEnd_LastEqualsToAdded" signature="()" line-rate="1" branch-rate="1" complexity="1">
              <lines>
                <line number="435" hits="1" branch="false" />
                <line number="436" hits="1" branch="false" />
                <line number="437" hits="1" branch="false" />
                <line number="438" hits="1" branch="false" />
                <line number="441" hits="1" branch="false" />
                <line number="442" hits="1" branch="false" />
                <line number="444" hits="1" branch="false" />
                <line number="445" hits="1" branch="false" />
              </lines>
            </method>
            <method name="AddAfter_AddAfterTItem_ElemOnNextIndexEqualsExpected" signature="(...)" line-rate="1" branch-rate="1" complexity="1">
              <lines>
                <line number="450" hits="3" branch="false" />
                <line number="451" hits="3" branch="false" />
                <line number="452" hits="3" branch="false" />
                <line number="453" hits="3" branch="false" />
                <line number="455" hits="3" branch="false" />
                <line number="456" hits="3" branch="false" />
[...]
            <line number="79" hits="1" branch="false" />
            <line number="81" hits="1" branch="false" />
            <line number="83" hits="1" branch="false" />
            <line number="85" hits="1" branch="false" />
            <line number="88" hits="1" branch="false" />
            <line number="89" hits="1" branch="false" />
            <line number="90" hits="1" branch="false" />
            <line number="92" hits="2" branch="false" />
            <line number="94" hits="1" branch="false" />
            <line number="95" hits="1" branch="false" />
            <line number="96" hits="1" branch="false" />
            <line number="99" hits="1" branch="false" />
            <line number="100" hits="1" branch="false" />
            <line number="101" hits="1" branch="false" />
            <line number="103" hits="2" branch="false" />
            <line number="105" hits="1" branch="false" />
            <line number="106" hits="1" branch="false" />
            <line number="107" hits="1" branch="false" />
            <line number="110" hits="1" branch="false" />
            <line number="111" hits="1" branch="false" />
            <line number="112" hits="1" branch="false" />
            <line number="114" hits="2" branch="false" />
            <line number="116" hits="1" branch="false" />
            <line number="117" hits="1" branch="false" />
            <line number="118" hits="1" branch="false" />
            <line number="121" hits="1" branch="false" />
            <line number="122" hits="1" branch="false" />
            <line number="123" hits="1" branch="false" />
            <line number="125" hits="2" branch="false" />
            <line number="127" hits="1" branch="false" />
            <line number="128" hits="1" branch="false" />
            <line number="129" hits="1" branch="false" />
            <line number="136" hits="3" branch="false" />
            <line number="137" hits="3" branch="false" />
            <line number="139" hits="3" branch="false" />
            <line number="141" hits="3" branch="false" />
            <line number="142" hits="3" branch="false" />
            <line number="143" hits="3" branch="false" />
            <line number="146" hits="1" branch="false" />
            <line number="147" hits="1" branch="false" />
            <line number="149" hits="1" branch="false" />
            <line number="151" hits="1" branch="false" />
            <line number="152" hits="1" branch="false" />
            <line number="156" hits="1" branch="false" />
            <line number="157" hits="1" branch="false" />
            <line number="159" hits="1" branch="false" />
            <line number="160" hits="1" branch="false" />
            <line number="182" hits="3" branch="false" />
            <line number="183" hits="3" branch="false" />
            <line number="185" hits="3" branch="false" />
            <line number="187" hits="3" branch="false" />
            <line number="188" hits="3" branch="false" />
            <line number="191" hits="1" branch="false" />
            <line number="192" hits="1" branch="false" />
            <line number="194" hits="1" branch="false" />
            <line number="195" hits="1" branch="false" />
            <line number="199" hits="1" branch="false" />
            <line number="200" hits="1" branch="false" />
            <line number="202" hits="1" branch="false" />
            <line number="204" hits="1" branch="false" />
            <line number="205" hits="1" branch="false" />
            <line number="209" hits="1" branch="false" />
            <line number="210" hits="1" branch="false" />
            <line number="211" hits="1" branch="false" />
            <line number="212" hits="1" branch="false" />
            <line number="214" hits="1" branch="false" />
            <line number="216" hits="1" branch="false" />
            <line number="218" hits="1" branch="false" />
            <line number="221" hits="1" branch="false" />
            <line number="222" hits="1" branch="false" />
            <line number="223" hits="1" branch="false" />
            <line number="224" hits="1" branch="false" />
            <line number="226" hits="2" branch="false" />
            <line number="228" hits="1" branch="false" />
            <line number="229" hits="1" branch="false" />
            <line number="230" hits="1" branch="false" />
            <line number="233" hits="1" branch="false" />
            <line number="234" hits="1" branch="false" />
            <line number="235" hits="1" branch="false" />
            <line number="237" hits="2" branch="false" />
            <line number="239" hits="1" branch="false" />
            <line number="240" hits="1" branch="false" />
            <line number="241" hits="1" branch="false" />
            <line number="244" hits="1" branch="false" />
            <line number="245" hits="1" branch="false" />
            <line number="246" hits="1" branch="false" />
            <line number="248" hits="2" branch="false" />
            <line number="250" hits="1" branch="false" />
            <line number="251" hits="1" branch="false" />
            <line number="252" hits="1" branch="false" />
            <line number="255" hits="1" branch="false" />
            <line number="256" hits="1" branch="false" />
            <line number="257" hits="1" branch="false" />
            <line number="259" hits="2" branch="false" />
            <line number="261" hits="1" branch="false" />
            <line number="262" hits="1" branch="false" />
            <line number="263" hits="1" branch="false" />
            <line number="272" hits="3" branch="false" />
            <line number="273" hits="3" branch="false" />
            <line number="275" hits="3" branch="false" />
            <line number="277" hits="3" branch="false" />
            <line number="278" hits="3" branch="false" />
            <line number="283" hits="3" branch="false" />
            <line number="284" hits="3" branch="false" />
            <line number="285" hits="3" branch="false" />
            <line number="288" hits="3" branch="false" />
            <line number="290" hits="3" branch="false" />
            <line number="291" hits="3" branch="false" />
            <line number="292" hits="3" branch="false" />
            <line number="296" hits="2" branch="false" />
            <line number="297" hits="4" branch="false" />
            <line number="299" hits="2" branch="false" />
            <line number="300" hits="2" branch="false" />
            <line number="304" hits="2" branch="false" />
            <line number="307" hits="4" branch="false" />
            <line number="309" hits="2" branch="false" />
            <line number="310" hits="2" branch="false" />
            <line number="311" hits="2" branch="false" />
            <line number="314" hits="1" branch="false" />
            <line number="315" hits="1" branch="false" />
            <line number="316" hits="1" branch="false" />
            <line number="318" hits="1" branch="false" />
            <line number="320" hits="1" branch="false" />
            <line number="321" hits="1" branch="false" />
            <line number="324" hits="1" branch="false" />
            <line number="327" hits="2" branch="false" />
            <line number="329" hits="1" branch="false" />
            <line number="330" hits="1" branch="false" />
            <line number="333" hits="1" branch="false" />
            <line number="334" hits="1" branch="false" />
            <line number="335" hits="1" branch="false" />
            <line number="337" hits="1" branch="false" />
            <line number="339" hits="1" branch="false" />
            <line number="340" hits="1" branch="false" />
            <line number="344" hits="1" branch="false" />
            <line number="347" hits="2" branch="false" />
            <line number="349" hits="1" branch="false" />
            <line number="350" hits="1" branch="false" />
            <line number="354" hits="1" branch="false" />
            <line number="355" hits="1" branch="false" />
            <line number="356" hits="1" branch="false" />
            <line number="358" hits="1" branch="false" />
            <line number="359" hits="1" branch="false" />
            <line number="361" hits="1" branch="false" />
            <line number="362" hits="1" branch="false" />
            <line number="365" hits="1" branch="false" />
            <line number="366" hits="1" branch="false" />
            <line number="367" hits="1" branch="false" />
            <line number="369" hits="1" branch="false" />
            <line number="370" hits="1" branch="false" />
            <line number="372" hits="1" branch="false" />
            <line number="373" hits="1" branch="false" />
            <line number="376" hits="1" branch="false" />
            <line number="377" hits="1" branch="false" />
            <line number="378" hits="1" branch="false" />
            <line number="380" hits="1" branch="false" />
            <line number="381" hits="1" branch="false" />
            <line number="383" hits="1" branch="false" />
            <line number="384" hits="1" branch="false" />
            <line number="387" hits="1" branch="false" />
            <line number="388" hits="1" branch="false" />
            <line number="389" hits="1" branch="false" />
            <line number="391" hits="1" branch="false" />
            <line number="392" hits="1" branch="false" />
            <line number="394" hits="1" branch="false" />
            <line number="395" hits="1" branch="false" />
            <line number="398" hits="1" branch="false" />
            <line number="399" hits="1" branch="false" />
            <line number="400" hits="1" branch="false" />
            <line number="401" hits="1" branch="false" />
            <line number="403" hits="1" branch="false" />
            <line number="404" hits="1" branch="false" />
            <line number="406" hits="1" branch="false" />
            <line number="407" hits="1" branch="false" />
            <line number="410" hits="1" branch="false" />
            <line number="411" hits="1" branch="false" />
            <line number="412" hits="1" branch="false" />
            <line number="413" hits="1" branch="false" />
            <line number="416" hits="1" branch="false" />
            <line number="417" hits="1" branch="false" />
            <line number="419" hits="1" branch="false" />
            <line number="420" hits="1" branch="false" />
            <line number="423" hits="1" branch="false" />
            <line number="424" hits="1" branch="false" />
            <line number="425" hits="1" branch="false" />
            <line number="426" hits="1" branch="false" />
            <line number="428" hits="1" branch="false" />
            <line number="429" hits="1" branch="false" />
            <line number="431" hits="1" branch="false" />
            <line number="432" hits="1" branch="false" />
            <line number="435" hits="1" branch="false" />
            <line number="436" hits="1" branch="false" />
            <line number="437" hits="1" branch="false" />
            <line number="438" hits="1" branch="false" />
            <line number="441" hits="1" branch="false" />
            <line number="442" hits="1" branch="false" />
            <line number="444" hits="1" branch="false" />
            <line number="445" hits="1" branch="false" />
            <line number="450" hits="3" branch="false" />
            <line number="451" hits="3" branch="false" />
            <line number="452" hits="3" branch="false" />
            <line number="453" hits="3" branch="false" />
            <line number="455" hits="3" branch="false" />
            <line number="456" hits="3" branch="false" />
            <line number="458" hits="3" branch="false" />
            <line number="459" hits="3" branch="false" />
            <line number="464" hits="3" branch="false" />
            <line number="465" hits="3" branch="false" />
            <line number="466" hits="3" branch="false" />
            <line number="467" hits="3" branch="false" />
            <line number="468" hits="3" branch="false" />
            <line number="470" hits="3" branch="false" />
            <line number="471" hits="3" branch="false" />
            <line number="473" hits="3" branch="false" />
            <line number="474" hits="3" branch="false" />
            <line number="479" hits="3" branch="false" />
            <line number="480" hits="3" branch="false" />
            <line number="481" hits="3" branch="false" />
            <line number="482" hits="3" branch="false" />
            <line number="484" hits="3" branch="false" />
            <line number="485" hits="3" branch="false" />
            <line number="487" hits="3" branch="false" />
            <line number="488" hits="3" branch="false" />
            <line number="493" hits="3" branch="false" />
            <line number="494" hits="3" branch="false" />
            <line number="495" hits="3" branch="false" />
            <line number="496" hits="3" branch="false" />
            <line number="497" hits="3" branch="false" />
            <line number="499" hits="3" branch="false" />
            <line number="500" hits="3" branch="false" />
            <line number="502" hits="3" branch="false" />
            <line number="503" hits="3" branch="false" />
            <line number="506" hits="1" branch="false" />
            <line number="507" hits="1" branch="false" />
            <line number="508" hits="1" branch="false" />
            <line number="509" hits="1" branch="false" />
            <line number="511" hits="2" branch="false" />
            <line number="512" hits="2" branch="false" />
            <line number="513" hits="2" branch="false" />
            <line number="514" hits="2" branch="false" />
            <line number="516" hits="1" branch="false" />
            <line number="517" hits="1" branch="false" />
            <line number="518" hits="1" branch="false" />
            <line number="519" hits="1" branch="false" />
            <line number="520" hits="1" branch="false" />
            <line number="521" hits="1" branch="false" />
            <line number="522" hits="1" branch="false" />
            <line number="523" hits="1" branch="false" />
            <line number="524" hits="1" branch="false" />
            <line number="527" hits="1" branch="false" />
            <line number="528" hits="1" branch="false" />
            <line number="529" hits="1" branch="false" />
            <line number="531" hits="2" branch="false" />
            <line number="532" hits="2" branch="false" />
            <line number="533" hits="2" branch="false" />
            <line number="534" hits="2" branch="false" />
            <line number="536" hits="1" branch="false" />
            <line number="537" hits="1" branch="false" />
            <line number="538" hits="1" branch="false" />
            <line number="539" hits="1" branch="false" />
            <line number="540" hits="1" branch="false" />
            <line number="541" hits="1" branch="false" />
            <line number="542" hits="1" branch="false" />
            <line number="543" hits="1" branch="false" />
            <line number="544" hits="1" branch="false" />
            <line number="547" hits="1" branch="false" />
            <line number="548" hits="1" branch="false" />
            <line number="549" hits="1" branch="false" />
            <line number="550" hits="1" branch="false" />
            <line number="551" hits="1" branch="false" />
            <line number="553" hits="2" branch="false" />
            <line number="554" hits="2" branch="false" />
            <line number="555" hits="2" branch="false" />
            <line number="556" hits="2" branch="false" />
            <line number="558" hits="1" branch="false" />
            <line number="559" hits="1" branch="false" />
            <line number="560" hits="1" branch="false" />
            <line number="561" hits="1" branch="false" />
            <line number="562" hits="1" branch="false" />
            <line number="563" hits="1" branch="false" />
            <line number="564" hits="1" branch="false" />
            <line number="565" hits="1" branch="false" />
            <line number="566" hits="1" branch="false" />
            <line number="569" hits="1" branch="false" />
            <line number="570" hits="1" branch="false" />
            <line number="571" hits="1" branch="false" />
            <line number="572" hits="1" branch="false" />
            <line number="573" hits="1" branch="false" />
            <line number="575" hits="2" branch="false" />
            <line number="576" hits="2" branch="false" />
            <line number="577" hits="2" branch="false" />
            <line number="578" hits="2" branch="false" />
            <line number="580" hits="1" branch="false" />
            <line number="581" hits="1" branch="false" />
            <line number="582" hits="1" branch="false" />
            <line number="583" hits="1" branch="false" />
            <line number="584" hits="1" branch="false" />
            <line number="585" hits="1" branch="false" />
            <line number="586" hits="1" branch="false" />
            <line number="587" hits="1" branch="false" />
            <line number="588" hits="1" branch="false" />
            <line number="591" hits="1" branch="false" />
            <line number="592" hits="1" branch="false" />
            <line number="593" hits="1" branch="false" />
            <line number="595" hits="1" branch="false" />
            <line number="596" hits="1" branch="false" />
            <line number="598" hits="1" branch="false" />
            <line number="599" hits="1" branch="false" />
            <line number="603" hits="1" branch="false" />
            <line number="604" hits="1" branch="false" />
            <line number="605" hits="1" branch="false" />
            <line number="607" hits="1" branch="false" />
            <line number="608" hits="1" branch="false" />
            <line number="611" hits="1" branch="false" />
            <line number="612" hits="1" branch="false" />
            <line number="615" hits="1" branch="false" />
            <line number="616" hits="1" branch="false" />
            <line number="617" hits="1" branch="false" />
            <line number="619" hits="1" branch="false" />
            <line number="620" hits="1" branch="false" />
            <line number="622" hits="1" branch="false" />
            <line number="623" hits="1" branch="false" />
            <line number="626" hits="1" branch="false" />
            <line number="627" hits="1" branch="false" />
            <line number="628" hits="1" branch="false" />
            <line number="630" hits="1" branch="false" />
            <line number="631" hits="1" branch="false" />
            <line number="633" hits="1" branch="false" />
            <line number="634" hits="1" branch="false" />
            <line number="637" hits="1" branch="false" />
            <line number="638" hits="1" branch="false" />
            <line number="640" hits="1" branch="false" />
            <line number="641" hits="1" branch="false" />
            <line number="643" hits="1" branch="false" />
            <line number="644" hits="1" branch="false" />
            <line number="645" hits="1" branch="false" />
            <line number="648" hits="1" branch="false" />
            <line number="649" hits="1" branch="false" />
            <line number="651" hits="1" branch="false" />
            <line number="652" hits="1" branch="false" />
            <line number="654" hits="1" branch="false" />
            <line number="655" hits="1" branch="false" />
            <line number="656" hits="1" branch="false" />
          </lines>
        </class>
      </classes>
    </package>
  </packages>
</coverage>