TpTrace Verbose: 0 : 12088, 1, 2022/10/24, 18:27:04.156, 3541962656426, vstest.console.dll, Version: 17.1.0-release-20220113-05
TpTrace Information: 0 : 12088, 1, 2022/10/24, 18:27:04.178, 3541962833848, vstest.console.dll, FilePatternParser: The given file D:\Programming\C#\univer\LinkedList\LinkedList.Tests\bin\Debug\net5.0\fine-code-coverage\build-output\LinkedList.Tests.dll is a full path.
TpTrace Verbose: 0 : 12088, 1, 2022/10/24, 18:27:04.190, 3541962950377, vstest.console.dll, TestPluginCache.DiscoverTestExtensions: finding test extensions in assemblies ends with: RuntimeProvider.dll TPluginInfo: Microsoft.VisualStudio.TestPlatform.Common.ExtensionFramework.Utilities.TestRuntimePluginInformation TExtension: Microsoft.VisualStudio.TestPlatform.ObjectModel.Host.ITestRuntimeProvider
TpTrace Verbose: 0 : 12088, 1, 2022/10/24, 18:27:04.191, 3541962957951, vstest.console.dll, TestPluginCache.GetExtensionPaths: Filtered extension paths: 
TpTrace Verbose: 0 : 12088, 1, 2022/10/24, 18:27:04.191, 3541962959812, vstest.console.dll, TestPluginCache.GetExtensionPaths: Added default extension paths: C:\Program Files\dotnet\sdk\6.0.201\Extensions\DumpMinitool.exe
C:\Program Files\dotnet\sdk\6.0.201\Extensions\DumpMinitool.x86.exe
C:\Program Files\dotnet\sdk\6.0.201\Extensions\Microsoft.Diagnostics.NETCore.Client.dll
C:\Program Files\dotnet\sdk\6.0.201\Extensions\Microsoft.TestPlatform.Extensions.BlameDataCollector.dll
C:\Program Files\dotnet\sdk\6.0.201\Extensions\Microsoft.TestPlatform.Extensions.EventLogCollector.dll
C:\Program Files\dotnet\sdk\6.0.201\Extensions\Microsoft.TestPlatform.TestHostRuntimeProvider.dll
C:\Program Files\dotnet\sdk\6.0.201\Extensions\Microsoft.VisualStudio.TestPlatform.Extensions.Html.TestLogger.dll
C:\Program Files\dotnet\sdk\6.0.201\Extensions\Microsoft.VisualStudio.TestPlatform.Extensions.Trx.TestLogger.dll
TpTrace Verbose: 0 : 12088, 1, 2022/10/24, 18:27:04.191, 3541962960506, vstest.console.dll, TestPluginCache.GetExtensionPaths: Added unfilterableExtensionPaths: 
TpTrace Information: 0 : 12088, 1, 2022/10/24, 18:27:04.193, 3541962975638, vstest.console.dll, AssemblyResolver.ctor: Creating AssemblyResolver with searchDirectories C:\Program Files\dotnet\sdk\6.0.201\Extensions,C:\Program Files\dotnet\sdk\6.0.201
TpTrace Verbose: 0 : 12088, 1, 2022/10/24, 18:27:04.195, 3541962998925, vstest.console.dll, TestPluginCache.DiscoverTestExtensions: Discovering the extensions using extension path.
TpTrace Verbose: 0 : 12088, 1, 2022/10/24, 18:27:04.195, 3541963001434, vstest.console.dll, TestPluginCache.GetExtensionPaths: Filtered extension paths: 
TpTrace Verbose: 0 : 12088, 1, 2022/10/24, 18:27:04.195, 3541963002162, vstest.console.dll, TestPluginCache.GetExtensionPaths: Added default extension paths: C:\Program Files\dotnet\sdk\6.0.201\Extensions\DumpMinitool.exe
C:\Program Files\dotnet\sdk\6.0.201\Extensions\DumpMinitool.x86.exe
C:\Program Files\dotnet\sdk\6.0.201\Extensions\Microsoft.Diagnostics.NETCore.Client.dll
C:\Program Files\dotnet\sdk\6.0.201\Extensions\Microsoft.TestPlatform.Extensions.BlameDataCollector.dll
C:\Program Files\dotnet\sdk\6.0.201\Extensions\Microsoft.TestPlatform.Extensions.EventLogCollector.dll
C:\Program Files\dotnet\sdk\6.0.201\Extensions\Microsoft.TestPlatform.TestHostRuntimeProvider.dll
C:\Program Files\dotnet\sdk\6.0.201\Extensions\Microsoft.VisualStudio.TestPlatform.Extensions.Html.TestLogger.dll
C:\Program Files\dotnet\sdk\6.0.201\Extensions\Microsoft.VisualStudio.TestPlatform.Extensions.Trx.TestLogger.dll
TpTrace Verbose: 0 : 12088, 1, 2022/10/24, 18:27:04.195, 3541963002823, vstest.console.dll, TestPluginCache.GetExtensionPaths: Added unfilterableExtensionPaths: 
TpTrace Verbose: 0 : 12088, 1, 2022/10/24, 18:27:04.195, 3541963003982, vstest.console.dll, TestPluginCache.DiscoverTestExtensions: Discovering the extensions using allExtensionPaths: C:\Program Files\dotnet\sdk\6.0.201\Extensions\DumpMinitool.exe
C:\Program Files\dotnet\sdk\6.0.201\Extensions\DumpMinitool.x86.exe
C:\Program Files\dotnet\sdk\6.0.201\Extensions\Microsoft.Diagnostics.NETCore.Client.dll
C:\Program Files\dotnet\sdk\6.0.201\Extensions\Microsoft.TestPlatform.Extensions.BlameDataCollector.dll
C:\Program Files\dotnet\sdk\6.0.201\Extensions\Microsoft.TestPlatform.Extensions.EventLogCollector.dll
C:\Program Files\dotnet\sdk\6.0.201\Extensions\Microsoft.TestPlatform.TestHostRuntimeProvider.dll
C:\Program Files\dotnet\sdk\6.0.201\Extensions\Microsoft.VisualStudio.TestPlatform.Extensions.Html.TestLogger.dll
C:\Program Files\dotnet\sdk\6.0.201\Extensions\Microsoft.VisualStudio.TestPlatform.Extensions.Trx.TestLogger.dll
TpTrace Information: 0 : 12088, 1, 2022/10/24, 18:27:04.196, 3541963006911, vstest.console.dll, AssemblyResolver.AddSearchDirectories: Adding more searchDirectories C:\Program Files\dotnet\sdk\6.0.201\Extensions,C:\Program Files\dotnet\sdk\6.0.201
TpTrace Information: 0 : 12088, 1, 2022/10/24, 18:27:04.196, 3541963007929, vstest.console.dll, AssemblyResolver.AddSearchDirectories: Adding more searchDirectories C:\Program Files\dotnet\sdk\6.0.201\Extensions,C:\Program Files\dotnet\sdk\6.0.201
TpTrace Information: 0 : 12088, 1, 2022/10/24, 18:27:04.196, 3541963008758, vstest.console.dll, AssemblyResolver.AddSearchDirectories: Adding more searchDirectories C:\Program Files\dotnet\sdk\6.0.201\Extensions,C:\Program Files\dotnet\sdk\6.0.201
TpTrace Information: 0 : 12088, 1, 2022/10/24, 18:27:04.196, 3541963009294, vstest.console.dll, AssemblyResolver.AddSearchDirectories: Adding more searchDirectories C:\Program Files\dotnet\sdk\6.0.201\Extensions,C:\Program Files\dotnet\sdk\6.0.201
TpTrace Information: 0 : 12088, 1, 2022/10/24, 18:27:04.196, 3541963009807, vstest.console.dll, AssemblyResolver.AddSearchDirectories: Adding more searchDirectories C:\Program Files\dotnet\sdk\6.0.201\Extensions,C:\Program Files\dotnet\sdk\6.0.201
TpTrace Information: 0 : 12088, 1, 2022/10/24, 18:27:04.196, 3541963010380, vstest.console.dll, AssemblyResolver.AddSearchDirectories: Adding more searchDirectories C:\Program Files\dotnet\sdk\6.0.201\Extensions,C:\Program Files\dotnet\sdk\6.0.201
TpTrace Information: 0 : 12088, 1, 2022/10/24, 18:27:04.196, 3541963010890, vstest.console.dll, AssemblyResolver.AddSearchDirectories: Adding more searchDirectories C:\Program Files\dotnet\sdk\6.0.201\Extensions,C:\Program Files\dotnet\sdk\6.0.201
TpTrace Information: 0 : 12088, 1, 2022/10/24, 18:27:04.196, 3541963011391, vstest.console.dll, AssemblyResolver.AddSearchDirectories: Adding more searchDirectories C:\Program Files\dotnet\sdk\6.0.201\Extensions,C:\Program Files\dotnet\sdk\6.0.201
TpTrace Information: 0 : 12088, 1, 2022/10/24, 18:27:04.197, 3541963017469, vstest.console.dll, AssemblyResolver.OnResolve: DumpMinitool: Resolving assembly.
TpTrace Information: 0 : 12088, 1, 2022/10/24, 18:27:04.197, 3541963018681, vstest.console.dll, AssemblyResolver.OnResolve: DumpMinitool: Searching in: 'C:\Program Files\dotnet\sdk\6.0.201\Extensions'.
TpTrace Information: 0 : 12088, 1, 2022/10/24, 18:27:04.197, 3541963020318, vstest.console.dll, AssemblyResolver.OnResolve: DumpMinitool: Assembly path does not exist: 'C:\Program Files\dotnet\sdk\6.0.201\Extensions\DumpMinitool.dll', returning.
TpTrace Information: 0 : 12088, 1, 2022/10/24, 18:27:04.198, 3541963031525, vstest.console.dll, AssemblyResolver.OnResolve: DumpMinitool: Loading assembly 'C:\Program Files\dotnet\sdk\6.0.201\Extensions\DumpMinitool.exe'.
TpTrace Information: 0 : 12088, 1, 2022/10/24, 18:27:04.199, 3541963041398, vstest.console.dll, AssemblyResolver.OnResolve: Resolved assembly: DumpMinitool, from path: C:\Program Files\dotnet\sdk\6.0.201\Extensions\DumpMinitool.exe
TpTrace Information: 0 : 12088, 1, 2022/10/24, 18:27:04.209, 3541963136014, vstest.console.dll, AssemblyResolver.OnResolve: DumpMinitool.x86: Resolving assembly.
TpTrace Information: 0 : 12088, 1, 2022/10/24, 18:27:04.209, 3541963137422, vstest.console.dll, AssemblyResolver.OnResolve: DumpMinitool.x86: Searching in: 'C:\Program Files\dotnet\sdk\6.0.201\Extensions'.
TpTrace Information: 0 : 12088, 1, 2022/10/24, 18:27:04.209, 3541963138945, vstest.console.dll, AssemblyResolver.OnResolve: DumpMinitool.x86: Assembly path does not exist: 'C:\Program Files\dotnet\sdk\6.0.201\Extensions\DumpMinitool.x86.dll', returning.
TpTrace Information: 0 : 12088, 1, 2022/10/24, 18:27:04.210, 3541963148233, vstest.console.dll, AssemblyResolver.OnResolve: DumpMinitool.x86: Loading assembly 'C:\Program Files\dotnet\sdk\6.0.201\Extensions\DumpMinitool.x86.exe'.
TpTrace Information: 0 : 12088, 1, 2022/10/24, 18:27:04.211, 3541963158066, vstest.console.dll, AssemblyResolver.OnResolve: Resolved assembly: DumpMinitool.x86, from path: C:\Program Files\dotnet\sdk\6.0.201\Extensions\DumpMinitool.x86.exe
TpTrace Information: 0 : 12088, 1, 2022/10/24, 18:27:04.211, 3541963164007, vstest.console.dll, AssemblyResolver.OnResolve: Microsoft.Diagnostics.NETCore.Client: Resolving assembly.
TpTrace Information: 0 : 12088, 1, 2022/10/24, 18:27:04.212, 3541963164954, vstest.console.dll, AssemblyResolver.OnResolve: Microsoft.Diagnostics.NETCore.Client: Searching in: 'C:\Program Files\dotnet\sdk\6.0.201\Extensions'.
TpTrace Information: 0 : 12088, 1, 2022/10/24, 18:27:04.212, 3541963174067, vstest.console.dll, AssemblyResolver.OnResolve: Microsoft.Diagnostics.NETCore.Client: Loading assembly 'C:\Program Files\dotnet\sdk\6.0.201\Extensions\Microsoft.Diagnostics.NETCore.Client.dll'.
TpTrace Information: 0 : 12088, 1, 2022/10/24, 18:27:04.214, 3541963185204, vstest.console.dll, AssemblyResolver.OnResolve: Resolved assembly: Microsoft.Diagnostics.NETCore.Client, from path: C:\Program Files\dotnet\sdk\6.0.201\Extensions\Microsoft.Diagnostics.NETCore.Client.dll
TpTrace Information: 0 : 12088, 1, 2022/10/24, 18:27:04.219, 3541963241258, vstest.console.dll, AssemblyResolver.OnResolve: Microsoft.Bcl.AsyncInterfaces: Resolving assembly.
TpTrace Information: 0 : 12088, 1, 2022/10/24, 18:27:04.219, 3541963242683, vstest.console.dll, AssemblyResolver.OnResolve: Microsoft.Bcl.AsyncInterfaces: Searching in: 'C:\Program Files\dotnet\sdk\6.0.201\Extensions'.
TpTrace Information: 0 : 12088, 1, 2022/10/24, 18:27:04.219, 3541963243954, vstest.console.dll, AssemblyResolver.OnResolve: Microsoft.Bcl.AsyncInterfaces: Assembly path does not exist: 'C:\Program Files\dotnet\sdk\6.0.201\Extensions\Microsoft.Bcl.AsyncInterfaces.dll', returning.
TpTrace Information: 0 : 12088, 1, 2022/10/24, 18:27:04.220, 3541963245084, vstest.console.dll, AssemblyResolver.OnResolve: Microsoft.Bcl.AsyncInterfaces: Assembly path does not exist: 'C:\Program Files\dotnet\sdk\6.0.201\Extensions\Microsoft.Bcl.AsyncInterfaces.exe', returning.
TpTrace Information: 0 : 12088, 1, 2022/10/24, 18:27:04.220, 3541963245628, vstest.console.dll, AssemblyResolver.OnResolve: Microsoft.Bcl.AsyncInterfaces: Searching in: 'C:\Program Files\dotnet\sdk\6.0.201'.
TpTrace Information: 0 : 12088, 1, 2022/10/24, 18:27:04.220, 3541963246531, vstest.console.dll, AssemblyResolver.OnResolve: Microsoft.Bcl.AsyncInterfaces: Assembly path does not exist: 'C:\Program Files\dotnet\sdk\6.0.201\Microsoft.Bcl.AsyncInterfaces.dll', returning.
TpTrace Information: 0 : 12088, 1, 2022/10/24, 18:27:04.220, 3541963247451, vstest.console.dll, AssemblyResolver.OnResolve: Microsoft.Bcl.AsyncInterfaces: Assembly path does not exist: 'C:\Program Files\dotnet\sdk\6.0.201\Microsoft.Bcl.AsyncInterfaces.exe', returning.
TpTrace Information: 0 : 12088, 1, 2022/10/24, 18:27:04.220, 3541963248114, vstest.console.dll, AssemblyResolver.OnResolve: Microsoft.Bcl.AsyncInterfaces: Failed to load assembly.
TpTrace Verbose: 0 : 12088, 1, 2022/10/24, 18:27:04.220, 3541963249056, vstest.console.dll, CurrentDomainAssemblyResolve: Resolving assembly 'Microsoft.Bcl.AsyncInterfaces'.
TpTrace Information: 0 : 12088, 1, 2022/10/24, 18:27:04.220, 3541963250122, vstest.console.dll, AssemblyResolver.OnResolve: Microsoft.Bcl.AsyncInterfaces: Resolving assembly.
TpTrace Information: 0 : 12088, 1, 2022/10/24, 18:27:04.220, 3541963250880, vstest.console.dll, AssemblyResolver.OnResolve: Microsoft.Bcl.AsyncInterfaces: Resolved from cache.
TpTrace Verbose: 0 : 12088, 1, 2022/10/24, 18:27:04.220, 3541963251414, vstest.console.dll, CurrentDomainAssemblyResolve: Resolving assembly 'Microsoft.Bcl.AsyncInterfaces'.
TpTrace Verbose: 0 : 12088, 1, 2022/10/24, 18:27:04.220, 3541963252230, vstest.console.dll, CurrentDomainAssemblyResolve: Failed to resolve assembly 'Microsoft.Bcl.AsyncInterfaces'.
TpTrace Verbose: 0 : 12088, 1, 2022/10/24, 18:27:04.221, 3541963259744, vstest.console.dll, CurrentDomainAssemblyResolve: Failed to resolve assembly 'Microsoft.Bcl.AsyncInterfaces'.
TpTrace Warning: 0 : 12088, 1, 2022/10/24, 18:27:04.251, 3541963564361, vstest.console.dll, TestPluginDiscoverer: Failed to get types from assembly 'Microsoft.Diagnostics.NETCore.Client, Version=0.2.5.801, Culture=neutral, PublicKeyToken=31bf3856ad364e35'.  Skipping test extension scan for this assembly.  Error: System.Reflection.ReflectionTypeLoadException: Unable to load one or more of the requested types.
Could not load file or assembly 'Microsoft.Bcl.AsyncInterfaces, Version=1.0.0.0, Culture=neutral, PublicKeyToken=cc7b13ffcd2ddd51'. Не удается найти указанный файл.
   at System.Reflection.RuntimeModule.GetTypes(RuntimeModule module)
   at System.Reflection.Assembly.GetTypes()
   at Microsoft.VisualStudio.TestPlatform.Common.ExtensionFramework.TestPluginDiscoverer.GetTestExtensionsFromAssembly[TPluginInfo,TExtension](Assembly assembly, Dictionary`2 pluginInfos)
System.IO.FileNotFoundException: Could not load file or assembly 'Microsoft.Bcl.AsyncInterfaces, Version=1.0.0.0, Culture=neutral, PublicKeyToken=cc7b13ffcd2ddd51'. Не удается найти указанный файл.
File name: 'Microsoft.Bcl.AsyncInterfaces, Version=1.0.0.0, Culture=neutral, PublicKeyToken=cc7b13ffcd2ddd51'
 ---> System.IO.FileNotFoundException: Could not load file or assembly 'Microsoft.Bcl.AsyncInterfaces, Culture=neutral, PublicKeyToken=null'. Не удается найти указанный файл.
File name: 'Microsoft.Bcl.AsyncInterfaces, Culture=neutral, PublicKeyToken=null'
   at System.Reflection.RuntimeAssembly.InternalLoad(ObjectHandleOnStack assemblyName, ObjectHandleOnStack requestingAssembly, StackCrawlMarkHandle stackMark, Boolean throwOnFileNotFound, ObjectHandleOnStack assemblyLoadContext, ObjectHandleOnStack retAssembly)
   at System.Reflection.RuntimeAssembly.InternalLoad(AssemblyName assemblyName, RuntimeAssembly requestingAssembly, StackCrawlMark& stackMark, Boolean throwOnFileNotFound, AssemblyLoadContext assemblyLoadContext)
   at System.Reflection.Assembly.Load(AssemblyName assemblyRef)
   at Microsoft.VisualStudio.TestPlatform.Common.ExtensionFramework.TestPluginCache.CurrentDomainAssemblyResolve(Object sender, AssemblyResolveEventArgs args)
   at Microsoft.VisualStudio.TestPlatform.PlatformAbstractions.PlatformAssemblyResolver.AssemblyResolverEvent(Object sender, Object eventArgs)
   at System.Runtime.Loader.AssemblyLoadContext.GetFirstResolvedAssemblyFromResolvingEvent(AssemblyName assemblyName)
   at System.Runtime.Loader.AssemblyLoadContext.ResolveUsingEvent(AssemblyName assemblyName)
   at System.Runtime.Loader.AssemblyLoadContext.ResolveUsingResolvingEvent(IntPtr gchManagedAssemblyLoadContext, AssemblyName assemblyName)
TpTrace Warning: 0 : 12088, 1, 2022/10/24, 18:27:04.252, 3541963567995, vstest.console.dll, LoaderExceptions: System.IO.FileNotFoundException: Could not load file or assembly 'Microsoft.Bcl.AsyncInterfaces, Version=1.0.0.0, Culture=neutral, PublicKeyToken=cc7b13ffcd2ddd51'. Не удается найти указанный файл.
File name: 'Microsoft.Bcl.AsyncInterfaces, Version=1.0.0.0, Culture=neutral, PublicKeyToken=cc7b13ffcd2ddd51'
 ---> System.IO.FileNotFoundException: Could not load file or assembly 'Microsoft.Bcl.AsyncInterfaces, Culture=neutral, PublicKeyToken=null'. Не удается найти указанный файл.
File name: 'Microsoft.Bcl.AsyncInterfaces, Culture=neutral, PublicKeyToken=null'
   at System.Reflection.RuntimeAssembly.InternalLoad(ObjectHandleOnStack assemblyName, ObjectHandleOnStack requestingAssembly, StackCrawlMarkHandle stackMark, Boolean throwOnFileNotFound, ObjectHandleOnStack assemblyLoadContext, ObjectHandleOnStack retAssembly)
   at System.Reflection.RuntimeAssembly.InternalLoad(AssemblyName assemblyName, RuntimeAssembly requestingAssembly, StackCrawlMark& stackMark, Boolean throwOnFileNotFound, AssemblyLoadContext assemblyLoadContext)
   at System.Reflection.Assembly.Load(AssemblyName assemblyRef)
   at Microsoft.VisualStudio.TestPlatform.Common.ExtensionFramework.TestPluginCache.CurrentDomainAssemblyResolve(Object sender, AssemblyResolveEventArgs args)
   at Microsoft.VisualStudio.TestPlatform.PlatformAbstractions.PlatformAssemblyResolver.AssemblyResolverEvent(Object sender, Object eventArgs)
   at System.Runtime.Loader.AssemblyLoadContext.GetFirstResolvedAssemblyFromResolvingEvent(AssemblyName assemblyName)
   at System.Runtime.Loader.AssemblyLoadContext.ResolveUsingEvent(AssemblyName assemblyName)
   at System.Runtime.Loader.AssemblyLoadContext.ResolveUsingResolvingEvent(IntPtr gchManagedAssemblyLoadContext, AssemblyName assemblyName)
TpTrace Information: 0 : 12088, 1, 2022/10/24, 18:27:04.252, 3541963570446, vstest.console.dll, AssemblyResolver.OnResolve: Microsoft.TestPlatform.Extensions.BlameDataCollector: Resolving assembly.
TpTrace Information: 0 : 12088, 1, 2022/10/24, 18:27:04.252, 3541963571245, vstest.console.dll, AssemblyResolver.OnResolve: Microsoft.TestPlatform.Extensions.BlameDataCollector: Searching in: 'C:\Program Files\dotnet\sdk\6.0.201\Extensions'.
TpTrace Information: 0 : 12088, 1, 2022/10/24, 18:27:04.253, 3541963581274, vstest.console.dll, AssemblyResolver.OnResolve: Microsoft.TestPlatform.Extensions.BlameDataCollector: Loading assembly 'C:\Program Files\dotnet\sdk\6.0.201\Extensions\Microsoft.TestPlatform.Extensions.BlameDataCollector.dll'.
TpTrace Information: 0 : 12088, 1, 2022/10/24, 18:27:04.254, 3541963592656, vstest.console.dll, AssemblyResolver.OnResolve: Resolved assembly: Microsoft.TestPlatform.Extensions.BlameDataCollector, from path: C:\Program Files\dotnet\sdk\6.0.201\Extensions\Microsoft.TestPlatform.Extensions.BlameDataCollector.dll
TpTrace Information: 0 : 12088, 1, 2022/10/24, 18:27:04.256, 3541963605282, vstest.console.dll, AssemblyResolver.OnResolve: Microsoft.TestPlatform.Extensions.EventLogCollector: Resolving assembly.
TpTrace Information: 0 : 12088, 1, 2022/10/24, 18:27:04.256, 3541963606940, vstest.console.dll, AssemblyResolver.OnResolve: Microsoft.TestPlatform.Extensions.EventLogCollector: Searching in: 'C:\Program Files\dotnet\sdk\6.0.201\Extensions'.
TpTrace Information: 0 : 12088, 1, 2022/10/24, 18:27:04.257, 3541963616364, vstest.console.dll, AssemblyResolver.OnResolve: Microsoft.TestPlatform.Extensions.EventLogCollector: Loading assembly 'C:\Program Files\dotnet\sdk\6.0.201\Extensions\Microsoft.TestPlatform.Extensions.EventLogCollector.dll'.
TpTrace Information: 0 : 12088, 1, 2022/10/24, 18:27:04.258, 3541963626605, vstest.console.dll, AssemblyResolver.OnResolve: Resolved assembly: Microsoft.TestPlatform.Extensions.EventLogCollector, from path: C:\Program Files\dotnet\sdk\6.0.201\Extensions\Microsoft.TestPlatform.Extensions.EventLogCollector.dll
TpTrace Information: 0 : 12088, 1, 2022/10/24, 18:27:04.260, 3541963646903, vstest.console.dll, AssemblyResolver.OnResolve: Microsoft.TestPlatform.TestHostRuntimeProvider: Resolving assembly.
TpTrace Information: 0 : 12088, 1, 2022/10/24, 18:27:04.260, 3541963648046, vstest.console.dll, AssemblyResolver.OnResolve: Microsoft.TestPlatform.TestHostRuntimeProvider: Searching in: 'C:\Program Files\dotnet\sdk\6.0.201\Extensions'.
TpTrace Information: 0 : 12088, 1, 2022/10/24, 18:27:04.261, 3541963655252, vstest.console.dll, AssemblyResolver.OnResolve: Microsoft.TestPlatform.TestHostRuntimeProvider: Loading assembly 'C:\Program Files\dotnet\sdk\6.0.201\Extensions\Microsoft.TestPlatform.TestHostRuntimeProvider.dll'.
TpTrace Information: 0 : 12088, 1, 2022/10/24, 18:27:04.262, 3541963665504, vstest.console.dll, AssemblyResolver.OnResolve: Resolved assembly: Microsoft.TestPlatform.TestHostRuntimeProvider, from path: C:\Program Files\dotnet\sdk\6.0.201\Extensions\Microsoft.TestPlatform.TestHostRuntimeProvider.dll
TpTrace Information: 0 : 12088, 1, 2022/10/24, 18:27:04.264, 3541963692649, vstest.console.dll, AssemblyResolver.OnResolve: Microsoft.VisualStudio.TestPlatform.Extensions.Html.TestLogger: Resolving assembly.
TpTrace Information: 0 : 12088, 1, 2022/10/24, 18:27:04.264, 3541963693949, vstest.console.dll, AssemblyResolver.OnResolve: Microsoft.VisualStudio.TestPlatform.Extensions.Html.TestLogger: Searching in: 'C:\Program Files\dotnet\sdk\6.0.201\Extensions'.
TpTrace Information: 0 : 12088, 1, 2022/10/24, 18:27:04.265, 3541963703222, vstest.console.dll, AssemblyResolver.OnResolve: Microsoft.VisualStudio.TestPlatform.Extensions.Html.TestLogger: Loading assembly 'C:\Program Files\dotnet\sdk\6.0.201\Extensions\Microsoft.VisualStudio.TestPlatform.Extensions.Html.TestLogger.dll'.
TpTrace Information: 0 : 12088, 1, 2022/10/24, 18:27:04.266, 3541963713716, vstest.console.dll, AssemblyResolver.OnResolve: Resolved assembly: Microsoft.VisualStudio.TestPlatform.Extensions.Html.TestLogger, from path: C:\Program Files\dotnet\sdk\6.0.201\Extensions\Microsoft.VisualStudio.TestPlatform.Extensions.Html.TestLogger.dll
TpTrace Information: 0 : 12088, 1, 2022/10/24, 18:27:04.267, 3541963719771, vstest.console.dll, AssemblyResolver.OnResolve: Microsoft.VisualStudio.TestPlatform.Extensions.Trx.TestLogger: Resolving assembly.
TpTrace Information: 0 : 12088, 1, 2022/10/24, 18:27:04.267, 3541963720655, vstest.console.dll, AssemblyResolver.OnResolve: Microsoft.VisualStudio.TestPlatform.Extensions.Trx.TestLogger: Searching in: 'C:\Program Files\dotnet\sdk\6.0.201\Extensions'.
TpTrace Information: 0 : 12088, 1, 2022/10/24, 18:27:04.268, 3541963730745, vstest.console.dll, AssemblyResolver.OnResolve: Microsoft.VisualStudio.TestPlatform.Extensions.Trx.TestLogger: Loading assembly 'C:\Program Files\dotnet\sdk\6.0.201\Extensions\Microsoft.VisualStudio.TestPlatform.Extensions.Trx.TestLogger.dll'.
TpTrace Information: 0 : 12088, 1, 2022/10/24, 18:27:04.269, 3541963742251, vstest.console.dll, AssemblyResolver.OnResolve: Resolved assembly: Microsoft.VisualStudio.TestPlatform.Extensions.Trx.TestLogger, from path: C:\Program Files\dotnet\sdk\6.0.201\Extensions\Microsoft.VisualStudio.TestPlatform.Extensions.Trx.TestLogger.dll
TpTrace Verbose: 0 : 12088, 1, 2022/10/24, 18:27:04.270, 3541963752161, vstest.console.dll, TestPluginCache: Discovered the extensions using extension path ''.
TpTrace Verbose: 0 : 12088, 1, 2022/10/24, 18:27:04.270, 3541963753555, vstest.console.dll, TestPluginCache: Discoverers are ''.
TpTrace Verbose: 0 : 12088, 1, 2022/10/24, 18:27:04.270, 3541963754061, vstest.console.dll, TestPluginCache: Executors are ''.
TpTrace Verbose: 0 : 12088, 1, 2022/10/24, 18:27:04.270, 3541963754479, vstest.console.dll, TestPluginCache: Executors2 are ''.
TpTrace Verbose: 0 : 12088, 1, 2022/10/24, 18:27:04.271, 3541963754883, vstest.console.dll, TestPluginCache: Setting providers are ''.
TpTrace Verbose: 0 : 12088, 1, 2022/10/24, 18:27:04.271, 3541963755285, vstest.console.dll, TestPluginCache: Loggers are ''.
TpTrace Information: 0 : 12088, 1, 2022/10/24, 18:27:04.279, 3541963839889, vstest.console.dll, RunTestsArgumentProcessor:Execute: Test run is starting.
TpTrace Verbose: 0 : 12088, 1, 2022/10/24, 18:27:04.279, 3541963841244, vstest.console.dll, RunTestsArgumentProcessor:Execute: Queuing Test run.
TpTrace Information: 0 : 12088, 1, 2022/10/24, 18:27:04.279, 3541963844816, vstest.console.dll, TestRequestManager.RunTests: run tests started.
TpTrace Information: 0 : 12088, 1, 2022/10/24, 18:27:04.286, 3541963906939, vstest.console.dll, AssemblyMetadataProvider.GetFrameWork: Determined framework:'.NETCoreApp,Version=v5.0' for source: 'D:\Programming\C#\univer\LinkedList\LinkedList.Tests\bin\Debug\net5.0\fine-code-coverage\build-output\LinkedList.Tests.dll'
TpTrace Information: 0 : 12088, 1, 2022/10/24, 18:27:04.286, 3541963909854, vstest.console.dll, Determined framework for all sources: .NETCoreApp,Version=v5.0
TpTrace Verbose: 0 : 12088, 1, 2022/10/24, 18:27:04.286, 3541963914615, vstest.console.dll, Default architecture: X64 IsDefaultTargetArchitecture: True
TpTrace Information: 0 : 12088, 1, 2022/10/24, 18:27:04.287, 3541963919231, vstest.console.dll, AssemblyMetadataProvider.GetArchitecture: Determined architecture:AnyCPU info for assembly: D:\Programming\C#\univer\LinkedList\LinkedList.Tests\bin\Debug\net5.0\fine-code-coverage\build-output\LinkedList.Tests.dll
TpTrace Information: 0 : 12088, 1, 2022/10/24, 18:27:04.287, 3541963920056, vstest.console.dll, Determined platform for source 'D:\Programming\C#\univer\LinkedList\LinkedList.Tests\bin\Debug\net5.0\fine-code-coverage\build-output\LinkedList.Tests.dll' is 'AnyCPU'
TpTrace Information: 0 : 12088, 1, 2022/10/24, 18:27:04.291, 3541963957695, vstest.console.dll, Determined platform for all sources: X64
TpTrace Information: 0 : 12088, 1, 2022/10/24, 18:27:04.291, 3541963959195, vstest.console.dll, Infered platform 'X64'.
TpTrace Information: 0 : 12088, 1, 2022/10/24, 18:27:04.291, 3541963959857, vstest.console.dll, Platform update to 'X64' required.
TpTrace Information: 0 : 12088, 1, 2022/10/24, 18:27:04.296, 3541964009997, vstest.console.dll, Compatible sources list : 
TpTrace Information: 0 : 12088, 1, 2022/10/24, 18:27:04.296, 3541964011291, vstest.console.dll, D:\Programming\C#\univer\LinkedList\LinkedList.Tests\bin\Debug\net5.0\fine-code-coverage\build-output\LinkedList.Tests.dll
TpTrace Information: 0 : 12088, 1, 2022/10/24, 18:27:04.301, 3541964056395, vstest.console.dll, InferRunSettingsHelper.IsTestSettingsEnabled: Unable to navigate to RunSettings/MSTest. Current node: RunSettings
TpTrace Information: 0 : 12088, 1, 2022/10/24, 18:27:04.302, 3541964068743, vstest.console.dll, AssemblyResolver.OnResolve: Microsoft.VisualStudio.TestPlatform.Fakes: Resolving assembly.
TpTrace Information: 0 : 12088, 1, 2022/10/24, 18:27:04.302, 3541964069872, vstest.console.dll, AssemblyResolver.OnResolve: Microsoft.VisualStudio.TestPlatform.Fakes: Searching in: 'C:\Program Files\dotnet\sdk\6.0.201\Extensions'.
TpTrace Information: 0 : 12088, 1, 2022/10/24, 18:27:04.302, 3541964071317, vstest.console.dll, AssemblyResolver.OnResolve: Microsoft.VisualStudio.TestPlatform.Fakes: Assembly path does not exist: 'C:\Program Files\dotnet\sdk\6.0.201\Extensions\Microsoft.VisualStudio.TestPlatform.Fakes.dll', returning.
TpTrace Information: 0 : 12088, 1, 2022/10/24, 18:27:04.302, 3541964072322, vstest.console.dll, AssemblyResolver.OnResolve: Microsoft.VisualStudio.TestPlatform.Fakes: Assembly path does not exist: 'C:\Program Files\dotnet\sdk\6.0.201\Extensions\Microsoft.VisualStudio.TestPlatform.Fakes.exe', returning.
TpTrace Information: 0 : 12088, 1, 2022/10/24, 18:27:04.302, 3541964072865, vstest.console.dll, AssemblyResolver.OnResolve: Microsoft.VisualStudio.TestPlatform.Fakes: Searching in: 'C:\Program Files\dotnet\sdk\6.0.201'.
TpTrace Information: 0 : 12088, 1, 2022/10/24, 18:27:04.302, 3541964073866, vstest.console.dll, AssemblyResolver.OnResolve: Microsoft.VisualStudio.TestPlatform.Fakes: Assembly path does not exist: 'C:\Program Files\dotnet\sdk\6.0.201\Microsoft.VisualStudio.TestPlatform.Fakes.dll', returning.
TpTrace Information: 0 : 12088, 1, 2022/10/24, 18:27:04.302, 3541964074803, vstest.console.dll, AssemblyResolver.OnResolve: Microsoft.VisualStudio.TestPlatform.Fakes: Assembly path does not exist: 'C:\Program Files\dotnet\sdk\6.0.201\Microsoft.VisualStudio.TestPlatform.Fakes.exe', returning.
TpTrace Information: 0 : 12088, 1, 2022/10/24, 18:27:04.303, 3541964075334, vstest.console.dll, AssemblyResolver.OnResolve: Microsoft.VisualStudio.TestPlatform.Fakes: Failed to load assembly.
TpTrace Information: 0 : 12088, 1, 2022/10/24, 18:27:04.303, 3541964079737, vstest.console.dll, Failed to load assembly Microsoft.VisualStudio.TestPlatform.Fakes, Version=17.0.0.0, Culture=neutral. Reason:System.IO.FileNotFoundException: Could not load file or assembly 'Microsoft.VisualStudio.TestPlatform.Fakes, Version=17.0.0.0, Culture=neutral, PublicKeyToken=null'. Не удается найти указанный файл.
File name: 'Microsoft.VisualStudio.TestPlatform.Fakes, Version=17.0.0.0, Culture=neutral, PublicKeyToken=null'
   at System.Reflection.RuntimeAssembly.InternalLoad(ObjectHandleOnStack assemblyName, ObjectHandleOnStack requestingAssembly, StackCrawlMarkHandle stackMark, Boolean throwOnFileNotFound, ObjectHandleOnStack assemblyLoadContext, ObjectHandleOnStack retAssembly)
   at System.Reflection.RuntimeAssembly.InternalLoad(AssemblyName assemblyName, RuntimeAssembly requestingAssembly, StackCrawlMark& stackMark, Boolean throwOnFileNotFound, AssemblyLoadContext assemblyLoadContext)
   at System.Reflection.Assembly.Load(AssemblyName assemblyRef)
   at Microsoft.VisualStudio.TestPlatform.Common.Utilities.FakesUtilities.LoadTestPlatformAssembly()
TpTrace Verbose: 0 : 12088, 1, 2022/10/24, 18:27:04.310, 3541964144903, vstest.console.dll, TestPluginCache.DiscoverTestExtensions: finding test extensions in assemblies ends with: TestLogger.dll TPluginInfo: Microsoft.VisualStudio.TestPlatform.Common.ExtensionFramework.Utilities.TestLoggerPluginInformation TExtension: Microsoft.VisualStudio.TestPlatform.ObjectModel.Client.ITestLogger
TpTrace Verbose: 0 : 12088, 1, 2022/10/24, 18:27:04.310, 3541964146490, vstest.console.dll, TestPluginCache.GetExtensionPaths: Filtered extension paths: 
TpTrace Verbose: 0 : 12088, 1, 2022/10/24, 18:27:04.310, 3541964147165, vstest.console.dll, TestPluginCache.GetExtensionPaths: Added default extension paths: C:\Program Files\dotnet\sdk\6.0.201\Extensions\DumpMinitool.exe
C:\Program Files\dotnet\sdk\6.0.201\Extensions\DumpMinitool.x86.exe
C:\Program Files\dotnet\sdk\6.0.201\Extensions\Microsoft.Diagnostics.NETCore.Client.dll
C:\Program Files\dotnet\sdk\6.0.201\Extensions\Microsoft.TestPlatform.Extensions.BlameDataCollector.dll
C:\Program Files\dotnet\sdk\6.0.201\Extensions\Microsoft.TestPlatform.Extensions.EventLogCollector.dll
C:\Program Files\dotnet\sdk\6.0.201\Extensions\Microsoft.TestPlatform.TestHostRuntimeProvider.dll
C:\Program Files\dotnet\sdk\6.0.201\Extensions\Microsoft.VisualStudio.TestPlatform.Extensions.Html.TestLogger.dll
C:\Program Files\dotnet\sdk\6.0.201\Extensions\Microsoft.VisualStudio.TestPlatform.Extensions.Trx.TestLogger.dll
TpTrace Verbose: 0 : 12088, 1, 2022/10/24, 18:27:04.310, 3541964147804, vstest.console.dll, TestPluginCache.GetExtensionPaths: Added unfilterableExtensionPaths: 
TpTrace Information: 0 : 12088, 1, 2022/10/24, 18:27:04.310, 3541964150104, vstest.console.dll, AssemblyResolver.AddSearchDirectories: Adding more searchDirectories C:\Program Files\dotnet\sdk\6.0.201\Extensions,C:\Program Files\dotnet\sdk\6.0.201
TpTrace Verbose: 0 : 12088, 1, 2022/10/24, 18:27:04.310, 3541964150898, vstest.console.dll, TestPluginCache.DiscoverTestExtensions: Discovering the extensions using extension path.
TpTrace Verbose: 0 : 12088, 1, 2022/10/24, 18:27:04.310, 3541964151691, vstest.console.dll, TestPluginCache.GetExtensionPaths: Filtered extension paths: 
TpTrace Verbose: 0 : 12088, 1, 2022/10/24, 18:27:04.310, 3541964152226, vstest.console.dll, TestPluginCache.GetExtensionPaths: Added default extension paths: C:\Program Files\dotnet\sdk\6.0.201\Extensions\DumpMinitool.exe
C:\Program Files\dotnet\sdk\6.0.201\Extensions\DumpMinitool.x86.exe
C:\Program Files\dotnet\sdk\6.0.201\Extensions\Microsoft.Diagnostics.NETCore.Client.dll
C:\Program Files\dotnet\sdk\6.0.201\Extensions\Microsoft.TestPlatform.Extensions.BlameDataCollector.dll
C:\Program Files\dotnet\sdk\6.0.201\Extensions\Microsoft.TestPlatform.Extensions.EventLogCollector.dll
C:\Program Files\dotnet\sdk\6.0.201\Extensions\Microsoft.TestPlatform.TestHostRuntimeProvider.dll
C:\Program Files\dotnet\sdk\6.0.201\Extensions\Microsoft.VisualStudio.TestPlatform.Extensions.Html.TestLogger.dll
C:\Program Files\dotnet\sdk\6.0.201\Extensions\Microsoft.VisualStudio.TestPlatform.Extensions.Trx.TestLogger.dll
TpTrace Verbose: 0 : 12088, 1, 2022/10/24, 18:27:04.310, 3541964152801, vstest.console.dll, TestPluginCache.GetExtensionPaths: Added unfilterableExtensionPaths: 
TpTrace Verbose: 0 : 12088, 1, 2022/10/24, 18:27:04.310, 3541964153300, vstest.console.dll, TestPluginCache.DiscoverTestExtensions: Discovering the extensions using allExtensionPaths: C:\Program Files\dotnet\sdk\6.0.201\Extensions\DumpMinitool.exe
C:\Program Files\dotnet\sdk\6.0.201\Extensions\DumpMinitool.x86.exe
C:\Program Files\dotnet\sdk\6.0.201\Extensions\Microsoft.Diagnostics.NETCore.Client.dll
C:\Program Files\dotnet\sdk\6.0.201\Extensions\Microsoft.TestPlatform.Extensions.BlameDataCollector.dll
C:\Program Files\dotnet\sdk\6.0.201\Extensions\Microsoft.TestPlatform.Extensions.EventLogCollector.dll
C:\Program Files\dotnet\sdk\6.0.201\Extensions\Microsoft.TestPlatform.TestHostRuntimeProvider.dll
C:\Program Files\dotnet\sdk\6.0.201\Extensions\Microsoft.VisualStudio.TestPlatform.Extensions.Html.TestLogger.dll
C:\Program Files\dotnet\sdk\6.0.201\Extensions\Microsoft.VisualStudio.TestPlatform.Extensions.Trx.TestLogger.dll
TpTrace Information: 0 : 12088, 1, 2022/10/24, 18:27:04.311, 3541964154841, vstest.console.dll, AssemblyResolver.AddSearchDirectories: Adding more searchDirectories C:\Program Files\dotnet\sdk\6.0.201\Extensions,C:\Program Files\dotnet\sdk\6.0.201
TpTrace Information: 0 : 12088, 1, 2022/10/24, 18:27:04.311, 3541964155529, vstest.console.dll, AssemblyResolver.AddSearchDirectories: Adding more searchDirectories C:\Program Files\dotnet\sdk\6.0.201\Extensions,C:\Program Files\dotnet\sdk\6.0.201
TpTrace Information: 0 : 12088, 1, 2022/10/24, 18:27:04.311, 3541964156049, vstest.console.dll, AssemblyResolver.AddSearchDirectories: Adding more searchDirectories C:\Program Files\dotnet\sdk\6.0.201\Extensions,C:\Program Files\dotnet\sdk\6.0.201
TpTrace Information: 0 : 12088, 1, 2022/10/24, 18:27:04.311, 3541964156630, vstest.console.dll, AssemblyResolver.AddSearchDirectories: Adding more searchDirectories C:\Program Files\dotnet\sdk\6.0.201\Extensions,C:\Program Files\dotnet\sdk\6.0.201
TpTrace Information: 0 : 12088, 1, 2022/10/24, 18:27:04.311, 3541964157124, vstest.console.dll, AssemblyResolver.AddSearchDirectories: Adding more searchDirectories C:\Program Files\dotnet\sdk\6.0.201\Extensions,C:\Program Files\dotnet\sdk\6.0.201
TpTrace Information: 0 : 12088, 1, 2022/10/24, 18:27:04.311, 3541964157625, vstest.console.dll, AssemblyResolver.AddSearchDirectories: Adding more searchDirectories C:\Program Files\dotnet\sdk\6.0.201\Extensions,C:\Program Files\dotnet\sdk\6.0.201
TpTrace Information: 0 : 12088, 1, 2022/10/24, 18:27:04.311, 3541964158166, vstest.console.dll, AssemblyResolver.AddSearchDirectories: Adding more searchDirectories C:\Program Files\dotnet\sdk\6.0.201\Extensions,C:\Program Files\dotnet\sdk\6.0.201
TpTrace Information: 0 : 12088, 1, 2022/10/24, 18:27:04.311, 3541964158716, vstest.console.dll, AssemblyResolver.AddSearchDirectories: Adding more searchDirectories C:\Program Files\dotnet\sdk\6.0.201\Extensions,C:\Program Files\dotnet\sdk\6.0.201
TpTrace Information: 0 : 12088, 1, 2022/10/24, 18:27:04.311, 3541964164387, vstest.console.dll, AssemblyResolver.OnResolve: Microsoft.Bcl.AsyncInterfaces: Resolving assembly.
TpTrace Information: 0 : 12088, 1, 2022/10/24, 18:27:04.312, 3541964165191, vstest.console.dll, AssemblyResolver.OnResolve: Microsoft.Bcl.AsyncInterfaces: Resolved from cache.
TpTrace Verbose: 0 : 12088, 1, 2022/10/24, 18:27:04.312, 3541964165750, vstest.console.dll, CurrentDomainAssemblyResolve: Resolving assembly 'Microsoft.Bcl.AsyncInterfaces'.
TpTrace Information: 0 : 12088, 1, 2022/10/24, 18:27:04.312, 3541964166504, vstest.console.dll, AssemblyResolver.OnResolve: Microsoft.Bcl.AsyncInterfaces: Resolving assembly.
TpTrace Information: 0 : 12088, 1, 2022/10/24, 18:27:04.312, 3541964166993, vstest.console.dll, AssemblyResolver.OnResolve: Microsoft.Bcl.AsyncInterfaces: Resolved from cache.
TpTrace Verbose: 0 : 12088, 1, 2022/10/24, 18:27:04.312, 3541964167473, vstest.console.dll, CurrentDomainAssemblyResolve: Resolving assembly 'Microsoft.Bcl.AsyncInterfaces'.
TpTrace Verbose: 0 : 12088, 1, 2022/10/24, 18:27:04.312, 3541964167906, vstest.console.dll, CurrentDomainAssemblyResolve: Failed to resolve assembly 'Microsoft.Bcl.AsyncInterfaces'.
TpTrace Verbose: 0 : 12088, 1, 2022/10/24, 18:27:04.312, 3541964170598, vstest.console.dll, CurrentDomainAssemblyResolve: Failed to resolve assembly 'Microsoft.Bcl.AsyncInterfaces'.
TpTrace Warning: 0 : 12088, 1, 2022/10/24, 18:27:04.313, 3541964177402, vstest.console.dll, TestPluginDiscoverer: Failed to get types from assembly 'Microsoft.Diagnostics.NETCore.Client, Version=0.2.5.801, Culture=neutral, PublicKeyToken=31bf3856ad364e35'.  Skipping test extension scan for this assembly.  Error: System.Reflection.ReflectionTypeLoadException: Unable to load one or more of the requested types.
Could not load file or assembly 'Microsoft.Bcl.AsyncInterfaces, Version=1.0.0.0, Culture=neutral, PublicKeyToken=cc7b13ffcd2ddd51'. Не удается найти указанный файл.
   at System.Reflection.RuntimeModule.GetTypes(RuntimeModule module)
   at System.Reflection.Assembly.GetTypes()
   at Microsoft.VisualStudio.TestPlatform.Common.ExtensionFramework.TestPluginDiscoverer.GetTestExtensionsFromAssembly[TPluginInfo,TExtension](Assembly assembly, Dictionary`2 pluginInfos)
System.IO.FileNotFoundException: Could not load file or assembly 'Microsoft.Bcl.AsyncInterfaces, Version=1.0.0.0, Culture=neutral, PublicKeyToken=cc7b13ffcd2ddd51'. Не удается найти указанный файл.
File name: 'Microsoft.Bcl.AsyncInterfaces, Version=1.0.0.0, Culture=neutral, PublicKeyToken=cc7b13ffcd2ddd51'
 ---> System.IO.FileNotFoundException: Could not load file or assembly 'Microsoft.Bcl.AsyncInterfaces, Culture=neutral, PublicKeyToken=null'. Не удается найти указанный файл.
File name: 'Microsoft.Bcl.AsyncInterfaces, Culture=neutral, PublicKeyToken=null'
   at System.Reflection.RuntimeAssembly.InternalLoad(ObjectHandleOnStack assemblyName, ObjectHandleOnStack requestingAssembly, StackCrawlMarkHandle stackMark, Boolean throwOnFileNotFound, ObjectHandleOnStack assemblyLoadContext, ObjectHandleOnStack retAssembly)
   at System.Reflection.RuntimeAssembly.InternalLoad(AssemblyName assemblyName, RuntimeAssembly requestingAssembly, StackCrawlMark& stackMark, Boolean throwOnFileNotFound, AssemblyLoadContext assemblyLoadContext)
   at System.Reflection.Assembly.Load(AssemblyName assemblyRef)
   at Microsoft.VisualStudio.TestPlatform.Common.ExtensionFramework.TestPluginCache.CurrentDomainAssemblyResolve(Object sender, AssemblyResolveEventArgs args)
   at Microsoft.VisualStudio.TestPlatform.PlatformAbstractions.PlatformAssemblyResolver.AssemblyResolverEvent(Object sender, Object eventArgs)
   at System.Runtime.Loader.AssemblyLoadContext.GetFirstResolvedAssemblyFromResolvingEvent(AssemblyName assemblyName)
   at System.Runtime.Loader.AssemblyLoadContext.ResolveUsingEvent(AssemblyName assemblyName)
   at System.Runtime.Loader.AssemblyLoadContext.ResolveUsingResolvingEvent(IntPtr gchManagedAssemblyLoadContext, AssemblyName assemblyName)
TpTrace Warning: 0 : 12088, 1, 2022/10/24, 18:27:04.313, 3541964180799, vstest.console.dll, LoaderExceptions: System.IO.FileNotFoundException: Could not load file or assembly 'Microsoft.Bcl.AsyncInterfaces, Version=1.0.0.0, Culture=neutral, PublicKeyToken=cc7b13ffcd2ddd51'. Не удается найти указанный файл.
File name: 'Microsoft.Bcl.AsyncInterfaces, Version=1.0.0.0, Culture=neutral, PublicKeyToken=cc7b13ffcd2ddd51'
 ---> System.IO.FileNotFoundException: Could not load file or assembly 'Microsoft.Bcl.AsyncInterfaces, Culture=neutral, PublicKeyToken=null'. Не удается найти указанный файл.
File name: 'Microsoft.Bcl.AsyncInterfaces, Culture=neutral, PublicKeyToken=null'
   at System.Reflection.RuntimeAssembly.InternalLoad(ObjectHandleOnStack assemblyName, ObjectHandleOnStack requestingAssembly, StackCrawlMarkHandle stackMark, Boolean throwOnFileNotFound, ObjectHandleOnStack assemblyLoadContext, ObjectHandleOnStack retAssembly)
   at System.Reflection.RuntimeAssembly.InternalLoad(AssemblyName assemblyName, RuntimeAssembly requestingAssembly, StackCrawlMark& stackMark, Boolean throwOnFileNotFound, AssemblyLoadContext assemblyLoadContext)
   at System.Reflection.Assembly.Load(AssemblyName assemblyRef)
   at Microsoft.VisualStudio.TestPlatform.Common.ExtensionFramework.TestPluginCache.CurrentDomainAssemblyResolve(Object sender, AssemblyResolveEventArgs args)
   at Microsoft.VisualStudio.TestPlatform.PlatformAbstractions.PlatformAssemblyResolver.AssemblyResolverEvent(Object sender, Object eventArgs)
   at System.Runtime.Loader.AssemblyLoadContext.GetFirstResolvedAssemblyFromResolvingEvent(AssemblyName assemblyName)
   at System.Runtime.Loader.AssemblyLoadContext.ResolveUsingEvent(AssemblyName assemblyName)
   at System.Runtime.Loader.AssemblyLoadContext.ResolveUsingResolvingEvent(IntPtr gchManagedAssemblyLoadContext, AssemblyName assemblyName)
TpTrace Verbose: 0 : 12088, 1, 2022/10/24, 18:27:04.314, 3541964189010, vstest.console.dll, TestPluginCache: Discovered the extensions using extension path ''.
TpTrace Verbose: 0 : 12088, 1, 2022/10/24, 18:27:04.314, 3541964189975, vstest.console.dll, TestPluginCache: Discoverers are ''.
TpTrace Verbose: 0 : 12088, 1, 2022/10/24, 18:27:04.314, 3541964190450, vstest.console.dll, TestPluginCache: Executors are ''.
TpTrace Verbose: 0 : 12088, 1, 2022/10/24, 18:27:04.314, 3541964190864, vstest.console.dll, TestPluginCache: Executors2 are ''.
TpTrace Verbose: 0 : 12088, 1, 2022/10/24, 18:27:04.314, 3541964191270, vstest.console.dll, TestPluginCache: Setting providers are ''.
TpTrace Verbose: 0 : 12088, 1, 2022/10/24, 18:27:04.314, 3541964192510, vstest.console.dll, TestPluginCache: Loggers are 'logger://Microsoft/TestPlatform/Extensions/Blame/v1,logger://Microsoft/TestPlatform/HtmlLogger/v1,logger://Microsoft/TestPlatform/TrxLogger/v1'.
TpTrace Information: 0 : 12088, 1, 2022/10/24, 18:27:04.315, 3541964204800, vstest.console.dll, TestPluginManager.CreateTestExtension: Attempting to load test extension: Microsoft.TestPlatform.Extensions.BlameDataCollector.BlameLogger
TpTrace Information: 0 : 12088, 1, 2022/10/24, 18:27:04.327, 3541964320563, vstest.console.dll, TestPluginManager.CreateTestExtension: Attempting to load test extension: Microsoft.VisualStudio.TestPlatform.CrossPlatEngine.Hosting.DefaultTestHostManager
TpTrace Information: 0 : 12088, 1, 2022/10/24, 18:27:04.329, 3541964342965, vstest.console.dll, TestPluginManager.CreateTestExtension: Attempting to load test extension: Microsoft.VisualStudio.TestPlatform.CrossPlatEngine.Hosting.DotnetTestHostManager
TpTrace Verbose: 0 : 12088, 1, 2022/10/24, 18:27:04.330, 3541964354316, vstest.console.dll, TestEngine: Initializing Parallel Execution as MaxCpuCount is set to: 1
TpTrace Information: 0 : 12088, 1, 2022/10/24, 18:27:04.331, 3541964364436, vstest.console.dll, InferRunSettingsHelper.IsTestSettingsEnabled: Unable to navigate to RunSettings/MSTest. Current node: RunSettings
TpTrace Verbose: 0 : 12088, 1, 2022/10/24, 18:27:04.356, 3541964610206, vstest.console.dll, TestRequestSender is acting as server
TpTrace Verbose: 0 : 12088, 5, 2022/10/24, 18:27:04.363, 3541964681493, vstest.console.dll, DataCollectionRequestSender.InitializeCommunication : Initialize communication. 
TpTrace Information: 0 : 12088, 5, 2022/10/24, 18:27:04.372, 3541964770945, vstest.console.dll, Listening on Endpoint : 127.0.0.1:53422
TpTrace Verbose: 0 : 12088, 5, 2022/10/24, 18:27:04.392, 3541964974778, vstest.console.dll, DotnetDataCollectionLauncher: Full path of dotnet.exe is C:\Program Files\dotnet\dotnet.exe
TpTrace Verbose: 0 : 12088, 5, 2022/10/24, 18:27:04.393, 3541964977453, vstest.console.dll, DotnetDataCollectionLauncher: Adding  --runtimeconfig "C:\Program Files\dotnet\sdk\6.0.201\datacollector.runtimeconfig.json" in args
TpTrace Verbose: 0 : 12088, 5, 2022/10/24, 18:27:04.393, 3541964978858, vstest.console.dll, DotnetDataCollectionLauncher: Adding  --depsfile "C:\Program Files\dotnet\sdk\6.0.201\datacollector.deps.json" in args
TpTrace Information: 0 : 12088, 5, 2022/10/24, 18:27:04.409, 3541965134886, vstest.console.dll, ProxyDataCollectionManager.Initialize: Launched datacollector processId: 18024 port: 53422
TpTrace Information: 0 : 12088, 5, 2022/10/24, 18:27:04.409, 3541965137500, vstest.console.dll, ProxyDataCollectionManager.Initialize: waiting for connection with timeout: 90 seconds
TpTrace Verbose: 0 : 12088, 5, 2022/10/24, 18:27:04.409, 3541965139736, vstest.console.dll, DataCollectionRequestSender.WaitForRequestHandlerConnection : Waiting for connection with timeout: 90000
TpTrace Information: 0 : 12088, 8, 2022/10/24, 18:27:04.668, 3541967725346, vstest.console.dll, Using the buffer size of 16384 bytes
TpTrace Verbose: 0 : 12088, 5, 2022/10/24, 18:27:04.668, 3541967726463, vstest.console.dll, ProxyDataCollectionManager.InvokeDataCollectionServiceAction: Starting.
TpTrace Information: 0 : 12088, 8, 2022/10/24, 18:27:04.668, 3541967726823, vstest.console.dll, Accepted Client request and set the flag
TpTrace Information: 0 : 12088, 5, 2022/10/24, 18:27:04.668, 3541967728470, vstest.console.dll, ProxyDataCollectionManager.BeforeTestRunStart: Get environment variable and port for datacollector processId: 18024 port: 53422
TpTrace Verbose: 0 : 12088, 5, 2022/10/24, 18:27:04.668, 3541967730647, vstest.console.dll, DataCollectionRequestSender.SendBeforeTestRunStartAndGetResult : Send BeforeTestRunStart message with settingsXml <RunSettings><RunConfiguration><ResultsDirectory>D:\Programming\C#\univer\LinkedList\LinkedList.Tests\bin\Debug\net5.0\fine-code-coverage\coverage-tool-output</ResultsDirectory><TargetPlatform>X64</TargetPlatform><TargetFrameworkVersion>.NETCoreApp,Version=v5.0</TargetFrameworkVersion><DesignMode>False</DesignMode><CollectSourceInformation>False</CollectSourceInformation><TestAdaptersPaths>C:\Program Files\dotnet\sdk\6.0.201\Extensions</TestAdaptersPaths></RunConfiguration><LoggerRunSettings><Loggers><Logger friendlyName="blame" enabled="True" /><Logger friendlyName="Console" uri="logger://microsoft/TestPlatform/ConsoleLogger/v1" assemblyQualifiedName="Microsoft.VisualStudio.TestPlatform.CommandLine.Internal.ConsoleLogger, vstest.console, Version=15.0.0.0, Culture=neutral, PublicKeyToken=b03f5f7f11d50a3a" codeBase="C:\Program Files\dotnet\sdk\6.0.201\vstest.console.dll" enabled="True" /></Loggers></LoggerRunSettings><DataCollectionRunSettings><DataCollectors><DataCollector friendlyName="blame" enabled="True"><Configuration><ResultsDirectory>D:\Programming\C#\univer\LinkedList\LinkedList.Tests\bin\Debug\net5.0\fine-code-coverage\coverage-tool-output</ResultsDirectory></Configuration></DataCollector></DataCollectors></DataCollectionRunSettings></RunSettings> and sources System.Linq.Enumerable+Concat2Iterator`1[System.String]: 
TpTrace Verbose: 0 : 12088, 5, 2022/10/24, 18:27:04.810, 3541969149328, vstest.console.dll, DataCollectionRequestSender.SendBeforeTestRunStartAndGetResult : Received message: (DataCollection.SendMessage) -> {
  "FriendlyName": null,
  "Uri": null,
  "TestCaseId": "00000000-0000-0000-0000-000000000000",
  "Message": "Logging DataCollector Diagnostics in file: D:\\Programming\\C#\\univer\\LinkedList\\LinkedList.Tests\\bin\\Debug\\net5.0\\fine-code-coverage\\coverage-tool-output\\diagnostics.datacollector.22-10-24_18-27-04_38558_5.log",
  "Level": 0
}
TpTrace Verbose: 0 : 12088, 5, 2022/10/24, 18:27:04.946, 3541970508335, vstest.console.dll, DataCollectionRequestSender.SendBeforeTestRunStartAndGetResult : Received message: (DataCollection.BeforeTestRunStartResult) -> {
  "EnvironmentVariables": {},
  "DataCollectionEventsPort": 53425
}
TpTrace Information: 0 : 12088, 5, 2022/10/24, 18:27:04.956, 3541970611413, vstest.console.dll, ProxyDataCollectionManager.BeforeTestRunStart: SendBeforeTestRunStartAndGetResult successful, env variable from datacollector:   and testhost port: 53425
TpTrace Information: 0 : 12088, 5, 2022/10/24, 18:27:04.956, 3541970613514, vstest.console.dll, ProxyDataCollectionManager.InvokeDataCollectionServiceAction: Completed.
TpTrace Verbose: 0 : 12088, 1, 2022/10/24, 18:27:04.957, 3541970616167, vstest.console.dll, TestRunRequest.ExecuteAsync: Creating test run request.
TpTrace Verbose: 0 : 12088, 1, 2022/10/24, 18:27:04.957, 3541970621101, vstest.console.dll, TestRunRequest.ExecuteAsync: Starting.
TpTrace Information: 0 : 12088, 1, 2022/10/24, 18:27:04.958, 3541970628573, vstest.console.dll, TestRunRequest.ExecuteAsync: Starting run with settings:TestRunCriteria:
   KeepAlive=False,FrequencyOfRunStatsChangeEvent=10,RunStatsChangeEventTimeout=00:00:01.5000000,TestCaseFilter=,TestExecutorLauncher=
   Settingsxml=<RunSettings>
  <RunConfiguration>
    <ResultsDirectory>D:\Programming\C#\univer\LinkedList\LinkedList.Tests\bin\Debug\net5.0\fine-code-coverage\coverage-tool-output</ResultsDirectory>
    <TargetPlatform>X64</TargetPlatform>
    <TargetFrameworkVersion>.NETCoreApp,Version=v5.0</TargetFrameworkVersion>
    <DesignMode>False</DesignMode>
    <CollectSourceInformation>False</CollectSourceInformation>
  </RunConfiguration>
  <LoggerRunSettings>
    <Loggers>
      <Logger friendlyName="blame" enabled="True" />
      <Logger friendlyName="Console" uri="logger://microsoft/TestPlatform/ConsoleLogger/v1" assemblyQualifiedName="Microsoft.VisualStudio.TestPlatform.CommandLine.Internal.ConsoleLogger, vstest.console, Version=15.0.0.0, Culture=neutral, PublicKeyToken=b03f5f7f11d50a3a" codeBase="C:\Program Files\dotnet\sdk\6.0.201\vstest.console.dll" enabled="True" />
    </Loggers>
  </LoggerRunSettings>
  <DataCollectionRunSettings>
    <DataCollectors>
      <DataCollector friendlyName="blame" enabled="True">
        <Configuration>
          <ResultsDirectory>D:\Programming\C#\univer\LinkedList\LinkedList.Tests\bin\Debug\net5.0\fine-code-coverage\coverage-tool-output</ResultsDirectory>
        </Configuration>
      </DataCollector>
    </DataCollectors>
  </DataCollectionRunSettings>
</RunSettings>

TpTrace Verbose: 0 : 12088, 1, 2022/10/24, 18:27:04.958, 3541970629584, vstest.console.dll, TestRunRequest.ExecuteAsync: Wait for the first run request is over.
TpTrace Verbose: 0 : 12088, 1, 2022/10/24, 18:27:04.959, 3541970637127, vstest.console.dll, ParallelProxyExecutionManager: Start execution. Total sources: 1
TpTrace Information: 0 : 12088, 1, 2022/10/24, 18:27:04.960, 3541970647307, vstest.console.dll, ProxyParallelExecutionManager: Triggering test run for next source: D:\Programming\C#\univer\LinkedList\LinkedList.Tests\bin\Debug\net5.0\fine-code-coverage\build-output\LinkedList.Tests.dll
TpTrace Verbose: 0 : 12088, 5, 2022/10/24, 18:27:04.960, 3541970650306, vstest.console.dll, ParallelProxyExecutionManager: Execution started. Started clients: 1
TpTrace Verbose: 0 : 12088, 1, 2022/10/24, 18:27:04.960, 3541970650644, vstest.console.dll, ProxyParallelExecutionManager: No sources available for execution.
TpTrace Information: 0 : 12088, 1, 2022/10/24, 18:27:04.960, 3541970652877, vstest.console.dll, TestRunRequest.ExecuteAsync: Started.
TpTrace Verbose: 0 : 12088, 1, 2022/10/24, 18:27:04.960, 3541970654306, vstest.console.dll, TestRunRequest.WaitForCompletion: Waiting with timeout -1.
TpTrace Verbose: 0 : 12088, 5, 2022/10/24, 18:27:04.961, 3541970656111, vstest.console.dll, TestRunRequest:SendTestRunMessage: Starting.
TpTrace Information: 0 : 12088, 5, 2022/10/24, 18:27:04.961, 3541970658022, vstest.console.dll, TestRunRequest:SendTestRunMessage: Completed.
TpTrace Verbose: 0 : 12088, 5, 2022/10/24, 18:27:04.961, 3541970661996, vstest.console.dll, ProxyExecutionManager: Test host is always Lazy initialize.
TpTrace Verbose: 0 : 12088, 5, 2022/10/24, 18:27:04.962, 3541970665718, vstest.console.dll, TestRequestSender.InitializeCommunication: initialize communication. 
TpTrace Information: 0 : 12088, 5, 2022/10/24, 18:27:04.962, 3541970674093, vstest.console.dll, SocketServer.Start: Listening on endpoint : 127.0.0.1:53426
TpTrace Verbose: 0 : 12088, 5, 2022/10/24, 18:27:04.964, 3541970685299, vstest.console.dll, DotnetTestHostmanager.GetTestHostProcessStartInfo: Platform environment 'X64' target architecture 'X64' framework '.NETCoreApp,Version=v5.0' OS 'Windows'
TpTrace Verbose: 0 : 12088, 5, 2022/10/24, 18:27:04.964, 3541970687906, vstest.console.dll, DotnetTestHostmanager: Adding  --runtimeconfig "D:\Programming\C#\univer\LinkedList\LinkedList.Tests\bin\Debug\net5.0\fine-code-coverage\build-output\LinkedList.Tests.runtimeconfig.json" in args
TpTrace Verbose: 0 : 12088, 5, 2022/10/24, 18:27:04.964, 3541970689059, vstest.console.dll, DotnetTestHostmanager: Adding  --depsfile "D:\Programming\C#\univer\LinkedList\LinkedList.Tests\bin\Debug\net5.0\fine-code-coverage\build-output\LinkedList.Tests.deps.json" in args
TpTrace Verbose: 0 : 12088, 5, 2022/10/24, 18:27:04.967, 3541970724736, vstest.console.dll, DotnetTestHostmanager.IsWinOnArm: Current PROCESSOR_ARCHITECTURE from registry 'AMD64'
TpTrace Verbose: 0 : 12088, 5, 2022/10/24, 18:27:04.968, 3541970726649, vstest.console.dll, DotnetTestHostmanager.IsWinOnArm: Is Windows on ARM 'False'
TpTrace Verbose: 0 : 12088, 5, 2022/10/24, 18:27:04.968, 3541970727953, vstest.console.dll, DotnetTestHostManager: testhost.exe found at path: D:\Programming\C#\univer\LinkedList\LinkedList.Tests\bin\Debug\net5.0\fine-code-coverage\build-output\testhost.exe
TpTrace Verbose: 0 : 12088, 5, 2022/10/24, 18:27:04.968, 3541970728899, vstest.console.dll, DotnetTestHostmanager: Full path of host exe is D:\Programming\C#\univer\LinkedList\LinkedList.Tests\bin\Debug\net5.0\fine-code-coverage\build-output\testhost.exe
TpTrace Verbose: 0 : 12088, 5, 2022/10/24, 18:27:04.968, 3541970731221, vstest.console.dll, DotnetTestHostmanager.LaunchTestHostAsync: Found 'VSTEST_WINAPPHOST_DOTNET_ROOT' in env variables, value 'C:\Program Files\dotnet'
TpTrace Verbose: 0 : 12088, 7, 2022/10/24, 18:27:04.970, 3541970745541, vstest.console.dll, DotnetTestHostManager: Starting process 'D:\Programming\C#\univer\LinkedList\LinkedList.Tests\bin\Debug\net5.0\fine-code-coverage\build-output\testhost.exe' with command line ' --runtimeconfig "D:\Programming\C#\univer\LinkedList\LinkedList.Tests\bin\Debug\net5.0\fine-code-coverage\build-output\LinkedList.Tests.runtimeconfig.json" --depsfile "D:\Programming\C#\univer\LinkedList\LinkedList.Tests\bin\Debug\net5.0\fine-code-coverage\build-output\LinkedList.Tests.deps.json" --port 53426 --endpoint 127.0.0.1:053426 --role client --parentprocessid 12088 --diag "D:\Programming\C#\univer\LinkedList\LinkedList.Tests\bin\Debug\net5.0\fine-code-coverage\coverage-tool-output\diagnostics.host.22-10-24_18-27-04_96347_5.log" --tracelevel 4 --datacollectionport 53425 --telemetryoptedin false'
TpTrace Verbose: 0 : 12088, 7, 2022/10/24, 18:27:04.979, 3541970842926, vstest.console.dll, Test Runtime launched
TpTrace Verbose: 0 : 12088, 5, 2022/10/24, 18:27:04.981, 3541970855892, vstest.console.dll, TestRequestSender.WaitForRequestHandlerConnection: waiting for connection with timeout: 90000
TpTrace Verbose: 0 : 12088, 7, 2022/10/24, 18:27:05.283, 3541973877960, vstest.console.dll, SocketServer.OnClientConnected: Client connected for endPoint: 127.0.0.1:53426, starting MessageLoopAsync:
TpTrace Verbose: 0 : 12088, 14, 2022/10/24, 18:27:05.283, 3541973882891, vstest.console.dll, TcpClientExtensions.MessageLoopAsync: Polling on remoteEndPoint: 127.0.0.1:53427 localEndPoint: 127.0.0.1:53426
TpTrace Verbose: 0 : 12088, 5, 2022/10/24, 18:27:05.291, 3541973957243, vstest.console.dll, TestRequestSender.CheckVersionWithTestHost: Sending check version message: {"MessageType":"ProtocolVersion","Payload":5}
TpTrace Verbose: 0 : 12088, 14, 2022/10/24, 18:27:05.588, 3541976925574, vstest.console.dll, TcpClientExtensions.MessageLoopAsync: NotifyDataAvailable remoteEndPoint: 127.0.0.1:53427 localEndPoint: 127.0.0.1:53426
TpTrace Verbose: 0 : 12088, 14, 2022/10/24, 18:27:05.588, 3541976930090, vstest.console.dll, TestRequestSender.CheckVersionWithTestHost: onMessageReceived received message: (ProtocolVersion) -> 5
TpTrace Verbose: 0 : 12088, 14, 2022/10/24, 18:27:05.589, 3541976936628, vstest.console.dll, TcpClientExtensions.MessageLoopAsync: Polling on remoteEndPoint: 127.0.0.1:53427 localEndPoint: 127.0.0.1:53426
TpTrace Verbose: 0 : 12088, 5, 2022/10/24, 18:27:05.589, 3541976938606, vstest.console.dll, TestPluginCache.GetExtensionPaths: Filtered extension paths: 
TpTrace Verbose: 0 : 12088, 5, 2022/10/24, 18:27:05.589, 3541976939993, vstest.console.dll, TestPluginCache.GetExtensionPaths: Added default extension paths: C:\Program Files\dotnet\sdk\6.0.201\Extensions\DumpMinitool.exe
C:\Program Files\dotnet\sdk\6.0.201\Extensions\DumpMinitool.x86.exe
C:\Program Files\dotnet\sdk\6.0.201\Extensions\Microsoft.Diagnostics.NETCore.Client.dll
C:\Program Files\dotnet\sdk\6.0.201\Extensions\Microsoft.TestPlatform.Extensions.BlameDataCollector.dll
C:\Program Files\dotnet\sdk\6.0.201\Extensions\Microsoft.TestPlatform.Extensions.EventLogCollector.dll
C:\Program Files\dotnet\sdk\6.0.201\Extensions\Microsoft.TestPlatform.TestHostRuntimeProvider.dll
C:\Program Files\dotnet\sdk\6.0.201\Extensions\Microsoft.VisualStudio.TestPlatform.Extensions.Html.TestLogger.dll
C:\Program Files\dotnet\sdk\6.0.201\Extensions\Microsoft.VisualStudio.TestPlatform.Extensions.Trx.TestLogger.dll
TpTrace Verbose: 0 : 12088, 5, 2022/10/24, 18:27:05.589, 3541976941015, vstest.console.dll, TestPluginCache.GetExtensionPaths: Added unfilterableExtensionPaths: 
TpTrace Verbose: 0 : 12088, 5, 2022/10/24, 18:27:05.595, 3541977002210, vstest.console.dll, TestRequestSender.InitializeExecution: Sending initialize execution with message: {"Version":5,"MessageType":"TestExecution.Initialize","Payload":["D:\\Programming\\C#\\univer\\LinkedList\\LinkedList.Tests\\bin\\Debug\\net5.0\\fine-code-coverage\\build-output\\NUnit3.TestAdapter.dll"]}
TpTrace Warning: 0 : 12088, 5, 2022/10/24, 18:27:05.596, 3541977008360, vstest.console.dll, InferRunSettingsHelper.MakeRunsettingsCompatible: Removing the following settings: TargetPlatform from RunSettings file. To use those settings please move to latest version of Microsoft.NET.Test.Sdk
TpTrace Verbose: 0 : 12088, 14, 2022/10/24, 18:27:05.609, 3541977140351, vstest.console.dll, TcpClientExtensions.MessageLoopAsync: NotifyDataAvailable remoteEndPoint: 127.0.0.1:53427 localEndPoint: 127.0.0.1:53426
TpTrace Verbose: 0 : 12088, 14, 2022/10/24, 18:27:05.609, 3541977143047, vstest.console.dll, TestRequestSender.OnExecutionMessageReceived: Received message: {"Version":5,"MessageType":"TestSession.Message","Payload":{"MessageLevel":0,"Message":"Logging TestHost Diagnostics in file: D:\\Programming\\C#\\univer\\LinkedList\\LinkedList.Tests\\bin\\Debug\\net5.0\\fine-code-coverage\\coverage-tool-output\\diagnostics.host.22-10-24_18-27-04_96347_5.log"}}
TpTrace Verbose: 0 : 12088, 5, 2022/10/24, 18:27:05.611, 3541977163471, vstest.console.dll, TestRequestSender.StartTestRun: Sending test run with message: {"Version":5,"MessageType":"TestExecution.StartWithSources","Payload":{"AdapterSourceMap":{"_none_":["D:\\Programming\\C#\\univer\\LinkedList\\LinkedList.Tests\\bin\\Debug\\net5.0\\fine-code-coverage\\build-output\\LinkedList.Tests.dll"]},"RunSettings":"<RunSettings>\r\n  <RunConfiguration>\r\n    <ResultsDirectory>D:\\Programming\\C#\\univer\\LinkedList\\LinkedList.Tests\\bin\\Debug\\net5.0\\fine-code-coverage\\coverage-tool-output</ResultsDirectory>\r\n    <TargetFrameworkVersion>.NETCoreApp,Version=v5.0</TargetFrameworkVersion>\r\n    <DesignMode>False</DesignMode>\r\n    <CollectSourceInformation>False</CollectSourceInformation>\r\n  </RunConfiguration>\r\n  <LoggerRunSettings>\r\n    <Loggers>\r\n      <Logger friendlyName=\"blame\" enabled=\"True\" />\r\n      <Logger friendlyName=\"Console\" uri=\"logger://microsoft/TestPlatform/ConsoleLogger/v1\" assemblyQualifiedName=\"Microsoft.VisualStudio.TestPlatform.CommandLine.Internal.ConsoleLogger, vstest.console, Version=15.0.0.0, Culture=neutral, PublicKeyToken=b03f5f7f11d50a3a\" codeBase=\"C:\\Program Files\\dotnet\\sdk\\6.0.201\\vstest.console.dll\" enabled=\"True\" />\r\n    </Loggers>\r\n  </LoggerRunSettings>\r\n  <DataCollectionRunSettings>\r\n    <DataCollectors>\r\n      <DataCollector friendlyName=\"blame\" enabled=\"True\">\r\n        <Configuration>\r\n          <ResultsDirectory>D:\\Programming\\C#\\univer\\LinkedList\\LinkedList.Tests\\bin\\Debug\\net5.0\\fine-code-coverage\\coverage-tool-output</ResultsDirectory>\r\n        </Configuration>\r\n      </DataCollector>\r\n    </DataCollectors>\r\n  </DataCollectionRunSettings>\r\n</RunSettings>","TestExecutionContext":{"FrequencyOfRunStatsChangeEvent":10,"RunStatsChangeEventTimeout":"00:00:01.5000000","InIsolation":false,"KeepAlive":false,"AreTestCaseLevelEventsRequired":false,"IsDebug":false,"TestCaseFilter":null,"FilterOptions":null},"Package":null}}
TpTrace Verbose: 0 : 12088, 14, 2022/10/24, 18:27:05.613, 3541977176002, vstest.console.dll, TestRunRequest:SendTestRunMessage: Starting.
TpTrace Information: 0 : 12088, 14, 2022/10/24, 18:27:05.613, 3541977177760, vstest.console.dll, TestRunRequest:SendTestRunMessage: Completed.
TpTrace Verbose: 0 : 12088, 14, 2022/10/24, 18:27:05.613, 3541977178426, vstest.console.dll, TcpClientExtensions.MessageLoopAsync: Polling on remoteEndPoint: 127.0.0.1:53427 localEndPoint: 127.0.0.1:53426
TpTrace Verbose: 0 : 12088, 14, 2022/10/24, 18:27:05.923, 3541980283698, vstest.console.dll, TcpClientExtensions.MessageLoopAsync: NotifyDataAvailable remoteEndPoint: 127.0.0.1:53427 localEndPoint: 127.0.0.1:53426
TpTrace Verbose: 0 : 12088, 14, 2022/10/24, 18:27:05.924, 3541980285515, vstest.console.dll, TestRequestSender.OnExecutionMessageReceived: Received message: {"Version":5,"MessageType":"TestSession.Message","Payload":{"MessageLevel":0,"Message":"NUnit Adapter 4.0.0.0: Test execution started"}}
TpTrace Verbose: 0 : 12088, 14, 2022/10/24, 18:27:05.924, 3541980288934, vstest.console.dll, TestRunRequest:SendTestRunMessage: Starting.
TpTrace Information: 0 : 12088, 14, 2022/10/24, 18:27:05.924, 3541980289809, vstest.console.dll, TestRunRequest:SendTestRunMessage: Completed.
TpTrace Verbose: 0 : 12088, 14, 2022/10/24, 18:27:05.924, 3541980290311, vstest.console.dll, TcpClientExtensions.MessageLoopAsync: Polling on remoteEndPoint: 127.0.0.1:53427 localEndPoint: 127.0.0.1:53426
TpTrace Verbose: 0 : 12088, 14, 2022/10/24, 18:27:05.985, 3541980895481, vstest.console.dll, TcpClientExtensions.MessageLoopAsync: NotifyDataAvailable remoteEndPoint: 127.0.0.1:53427 localEndPoint: 127.0.0.1:53426
TpTrace Verbose: 0 : 12088, 14, 2022/10/24, 18:27:05.985, 3541980897181, vstest.console.dll, TestRequestSender.OnExecutionMessageReceived: Received message: {"Version":5,"MessageType":"TestSession.Message","Payload":{"MessageLevel":0,"Message":"Running all tests in D:\\Programming\\C#\\univer\\LinkedList\\LinkedList.Tests\\bin\\Debug\\net5.0\\fine-code-coverage\\build-output\\LinkedList.Tests.dll"}}
TpTrace Verbose: 0 : 12088, 14, 2022/10/24, 18:27:05.985, 3541980899803, vstest.console.dll, TestRunRequest:SendTestRunMessage: Starting.
TpTrace Information: 0 : 12088, 14, 2022/10/24, 18:27:05.985, 3541980900658, vstest.console.dll, TestRunRequest:SendTestRunMessage: Completed.
TpTrace Verbose: 0 : 12088, 14, 2022/10/24, 18:27:05.985, 3541980901360, vstest.console.dll, TcpClientExtensions.MessageLoopAsync: Polling on remoteEndPoint: 127.0.0.1:53427 localEndPoint: 127.0.0.1:53426
TpTrace Verbose: 0 : 12088, 14, 2022/10/24, 18:27:06.251, 3541983562026, vstest.console.dll, TcpClientExtensions.MessageLoopAsync: NotifyDataAvailable remoteEndPoint: 127.0.0.1:53427 localEndPoint: 127.0.0.1:53426
TpTrace Verbose: 0 : 12088, 14, 2022/10/24, 18:27:06.251, 3541983563838, vstest.console.dll, TestRequestSender.OnExecutionMessageReceived: Received message: {"Version":5,"MessageType":"TestSession.Message","Payload":{"MessageLevel":0,"Message":"   NUnit3TestExecutor discovered 7 of 7 NUnit test cases using Current Discovery mode, Non-Explicit run"}}
TpTrace Verbose: 0 : 12088, 14, 2022/10/24, 18:27:06.252, 3541983566412, vstest.console.dll, TestRunRequest:SendTestRunMessage: Starting.
TpTrace Information: 0 : 12088, 14, 2022/10/24, 18:27:06.252, 3541983567283, vstest.console.dll, TestRunRequest:SendTestRunMessage: Completed.
TpTrace Verbose: 0 : 12088, 14, 2022/10/24, 18:27:06.252, 3541983567853, vstest.console.dll, TcpClientExtensions.MessageLoopAsync: Polling on remoteEndPoint: 127.0.0.1:53427 localEndPoint: 127.0.0.1:53426
TpTrace Verbose: 0 : 12088, 14, 2022/10/24, 18:27:06.482, 3541985865445, vstest.console.dll, TcpClientExtensions.MessageLoopAsync: NotifyDataAvailable remoteEndPoint: 127.0.0.1:53427 localEndPoint: 127.0.0.1:53426
TpTrace Verbose: 0 : 12088, 14, 2022/10/24, 18:27:06.482, 3541985867143, vstest.console.dll, TestRequestSender.OnExecutionMessageReceived: Received message: {"Version":5,"MessageType":"TestSession.Message","Payload":{"MessageLevel":0,"Message":"NUnit Adapter 4.0.0.0: Test execution complete"}}
TpTrace Verbose: 0 : 12088, 14, 2022/10/24, 18:27:06.482, 3541985869878, vstest.console.dll, TestRunRequest:SendTestRunMessage: Starting.
TpTrace Information: 0 : 12088, 14, 2022/10/24, 18:27:06.482, 3541985870798, vstest.console.dll, TestRunRequest:SendTestRunMessage: Completed.
TpTrace Verbose: 0 : 12088, 14, 2022/10/24, 18:27:06.482, 3541985871290, vstest.console.dll, TcpClientExtensions.MessageLoopAsync: Polling on remoteEndPoint: 127.0.0.1:53427 localEndPoint: 127.0.0.1:53426
TpTrace Verbose: 0 : 12088, 14, 2022/10/24, 18:27:06.584, 3541986892207, vstest.console.dll, TcpClientExtensions.MessageLoopAsync: NotifyDataAvailable remoteEndPoint: 127.0.0.1:53427 localEndPoint: 127.0.0.1:53426
TpTrace Verbose: 0 : 12088, 14, 2022/10/24, 18:27:06.585, 3541986895889, vstest.console.dll, TestRequestSender.OnExecutionMessageReceived: Received message: {"Version":5,"MessageType":"TestExecution.Completed","Payload":{"TestRunCompleteArgs":{"TestRunStatistics":{"ExecutedTests":7,"Stats":{"Passed":7}},"IsCanceled":false,"IsAborted":false,"Error":null,"AttachmentSets":[],"ElapsedTimeInRunningTests":"00:00:00.6009739","Metrics":{}},"LastRunTests":{"NewTestResults":[{"TestCase":{"Id":"4c07bf68-c2b7-098e-77d1-207a031cfdae","FullyQualifiedName":"LinkedList.Tests.Tests.Add_1ToCollection_CountIs1AndListIsNotEmpty","DisplayName":"Add_1ToCollection_CountIs1AndListIsNotEmpty","ExecutorUri":"executor://NUnit3TestExecutor","Source":"D:\\Programming\\C#\\univer\\LinkedList\\LinkedList.Tests\\bin\\Debug\\net5.0\\fine-code-coverage\\build-output\\LinkedList.Tests.dll","CodeFilePath":null,"LineNumber":0,"Properties":[{"Key":{"Id":"NUnit.Seed","Label":"Seed","Category":"","Description":"","Attributes":0,"ValueType":"System.String"},"Value":"1814662546"}]},"Attachments":[],"Outcome":1,"ErrorMessage":null,"ErrorStackTrace":null,"DisplayName":"Add_1ToCollection_CountIs1AndListIsNotEmpty","Messages":[],"ComputerName":"ALEX","Duration":"00:00:00.0437650","StartTime":"2022-10-24T15:27:06.3156831+00:00","EndTime":"2022-10-24T15:27:06.3592287+00:00","Properties":[{"Key":{"Id":"NUnit.Seed","Label":"Seed","Category":"","Description":"","Attributes":0,"ValueType":"System.String"},"Value":"1814662546"}]},{"TestCase":{"Id":"a0799333-bb6f-d0d4-b5f5-b313d9c4fa25","FullyQualifiedName":"LinkedList.Tests.Tests.Add_1ToCollectionAndTestThis(1)","DisplayName":"Add_1ToCollectionAndTestThis(1)","ExecutorUri":"executor://NUnit3TestExecutor","Source":"D:\\Programming\\C#\\univer\\LinkedList\\LinkedList.Tests\\bin\\Debug\\net5.0\\fine-code-coverage\\build-output\\LinkedList.Tests.dll","CodeFilePath":null,"LineNumber":0,"Properties":[{"Key":{"Id":"NUnit.Seed","Label":"Seed","Category":"","Description":"","Attributes":0,"ValueType":"System.String"},"Value":"901440326"}]},"Attachments":[],"Outcome":1,"ErrorMessage":null,"ErrorStackTrace":null,"DisplayName":"Add_1ToCollectionAndTestThis(1)","Messages":[],"ComputerName":"ALEX","Duration":"00:00:00.0007790","StartTime":"2022-10-24T15:27:06.3630205+00:00","EndTime":"2022-10-24T15:27:06.3637984+00:00","Properties":[{"Key":{"Id":"NUnit.Seed","Label":"Seed","Category":"","Description":"","Attributes":0,"ValueType":"System.String"},"Value":"901440326"}]},{"TestCase":{"Id":"81a1197e-f6c5-380d-940c-8c5d9f57b8f4","FullyQualifiedName":"LinkedList.Tests.Tests.Add_1ToCollectionAndTestThis(10)","DisplayName":"Add_1ToCollectionAndTestThis(10)","ExecutorUri":"executor://NUnit3TestExecutor","Source":"D:\\Programming\\C#\\univer\\LinkedList\\LinkedList.Tests\\bin\\Debug\\net5.0\\fine-code-coverage\\build-output\\LinkedList.Tests.dll","CodeFilePath":null,"LineNumber":0,"Properties":[{"Key":{"Id":"NUnit.Seed","Label":"Seed","Category":"","Description":"","Attributes":0,"ValueType":"System.String"},"Value":"528225157"}]},"Attachments":[],"Outcome":1,"ErrorMessage":null,"ErrorStackTrace":null,"DisplayName":"Add_1ToCollectionAndTestThis(10)","Messages":[],"ComputerName":"ALEX","Duration":"00:00:00.0000950","StartTime":"2022-10-24T15:27:06.3638346+00:00","EndTime":"2022-10-24T15:27:06.3639296+00:00","Properties":[{"Key":{"Id":"NUnit.Seed","Label":"Seed","Category":"","Description":"","Attributes":0,"ValueType":"System.String"},"Value":"528225157"}]},{"TestCase":{"Id":"accc3421-6ae4-a8f0-f642-414cc35c57cd","FullyQualifiedName":"LinkedList.Tests.Tests.Add_1ToCollectionAndTestThis(-5)","DisplayName":"Add_1ToCollectionAndTestThis(-5)","ExecutorUri":"executor://NUnit3TestExecutor","Source":"D:\\Programming\\C#\\univer\\LinkedList\\LinkedList.Tests\\bin\\Debug\\net5.0\\fine-code-coverage\\build-output\\LinkedList.Tests.dll","CodeFilePath":null,"LineNumber":0,"Properties":[{"Key":{"Id":"NUnit.Seed","Label":"Seed","Category":"","Description":"","Attributes":0,"ValueType":"System.String"},"Value":"1664360071"}]},"Attachments":[],"Outcome":1,"ErrorMessage":null,"ErrorStackTrace":null,"DisplayName":"Add_1ToCollectionAndTestThis(-5)","Messages":[],"ComputerName":"ALEX","Duration":"00:00:00.0000640","StartTime":"2022-10-24T15:27:06.3639446+00:00","EndTime":"2022-10-24T15:27:06.3640083+00:00","Properties":[{"Key":{"Id":"NUnit.Seed","Label":"Seed","Category":"","Description":"","Attributes":0,"ValueType":"System.String"},"Value":"1664360071"}]},{"TestCase":{"Id":"d24e2eb9-471a-13b6-fd18-f02ce35863ef","FullyQualifiedName":"LinkedList.Tests.Tests.Clear_CountIs0AndListIsEmpty","DisplayName":"Clear_CountIs0AndListIsEmpty","ExecutorUri":"executor://NUnit3TestExecutor","Source":"D:\\Programming\\C#\\univer\\LinkedList\\LinkedList.Tests\\bin\\Debug\\net5.0\\fine-code-coverage\\build-output\\LinkedList.Tests.dll","CodeFilePath":null,"LineNumber":0,"Properties":[{"Key":{"Id":"NUnit.Seed","Label":"Seed","Category":"","Description":"","Attributes":0,"ValueType":"System.String"},"Value":"1464237341"}]},"Attachments":[],"Outcome":1,"ErrorMessage":null,"ErrorStackTrace":null,"DisplayName":"Clear_CountIs0AndListIsEmpty","Messages":[],"ComputerName":"ALEX","Duration":"00:00:00.0047950","StartTime":"2022-10-24T15:27:06.3670349+00:00","EndTime":"2022-10-24T15:27:06.3718324+00:00","Properties":[{"Key":{"Id":"NUnit.Seed","Label":"Seed","Category":"","Description":"","Attributes":0,"ValueType":"System.String"},"Value":"1464237341"}]},{"TestCase":{"Id":"159309f8-d0e7-47e0-bdda-516793237cf9","FullyQualifiedName":"LinkedList.Tests.Tests.Constructor_2ElementsAdded_isNotEmpty","DisplayName":"Constructor_2ElementsAdded_isNotEmpty","ExecutorUri":"executor://NUnit3TestExecutor","Source":"D:\\Programming\\C#\\univer\\LinkedList\\LinkedList.Tests\\bin\\Debug\\net5.0\\fine-code-coverage\\build-output\\LinkedList.Tests.dll","CodeFilePath":null,"LineNumber":0,"Properties":[{"Key":{"Id":"NUnit.Seed","Label":"Seed","Category":"","Description":"","Attributes":0,"ValueType":"System.String"},"Value":"311534002"}]},"Attachments":[],"Outcome":1,"ErrorMessage":null,"ErrorStackTrace":null,"DisplayName":"Constructor_2ElementsAdded_isNotEmpty","Messages":[],"ComputerName":"ALEX","Duration":"00:00:00.0011999","StartTime":"2022-10-24T15:27:06.3718671+00:00","EndTime":"2022-10-24T15:27:06.3730666+00:00","Properties":[{"Key":{"Id":"NUnit.Seed","Label":"Seed","Category":"","Description":"","Attributes":0,"ValueType":"System.String"},"Value":"311534002"}]},{"TestCase":{"Id":"d8ea594e-ab49-4c9e-a5a6-f9e6c613054c","FullyQualifiedName":"LinkedList.Tests.Tests.Constructor_NUllMassisve_ArgumentNullException","DisplayName":"Constructor_NUllMassisve_ArgumentNullException","ExecutorUri":"executor://NUnit3TestExecutor","Source":"D:\\Programming\\C#\\univer\\LinkedList\\LinkedList.Tests\\bin\\Debug\\net5.0\\fine-code-coverage\\build-output\\LinkedList.Tests.dll","CodeFilePath":null,"LineNumber":0,"Properties":[{"Key":{"Id":"NUnit.Seed","Label":"Seed","Category":"","Description":"","Attributes":0,"ValueType":"System.String"},"Value":"282886423"}]},"Attachments":[],"Outcome":1,"ErrorMessage":null,"ErrorStackTrace":null,"DisplayName":"Constructor_NUllMassisve_ArgumentNullException","Messages":[],"ComputerName":"ALEX","Duration":"00:00:00.0108080","StartTime":"2022-10-24T15:27:06.37309+00:00","EndTime":"2022-10-24T15:27:06.3838961+00:00","Properties":[{"Key":{"Id":"NUnit.Seed","Label":"Seed","Category":"","Description":"","Attributes":0,"ValueType":"System.String"},"Value":"282886423"}]}],"TestRunStatistics":{"ExecutedTests":7,"Stats":{"Passed":7}},"ActiveTests":[]},"RunAttachments":[],"ExecutorUris":["executor://nunit3testexecutor/"]}}
TpTrace Verbose: 0 : 12088, 14, 2022/10/24, 18:27:06.586, 3541986910268, vstest.console.dll, TestRequestSender.EndSession: Sending end session.
TpTrace Verbose: 0 : 12088, 14, 2022/10/24, 18:27:06.587, 3541986917694, vstest.console.dll, ProxyOperationManager.Close: waiting for test host to exit for 100 ms
TpTrace Warning: 0 : 12088, 13, 2022/10/24, 18:27:06.620, 3541987252709, vstest.console.dll, TestHostManagerCallbacks.ErrorReceivedCallback Test host standard error line: 
TpTrace Verbose: 0 : 12088, 8, 2022/10/24, 18:27:06.632, 3541987365889, vstest.console.dll, TestHostProvider.ExitCallBack: Host exited starting callback.
TpTrace Information: 0 : 12088, 8, 2022/10/24, 18:27:06.632, 3541987374724, vstest.console.dll, TestHostManagerCallbacks.ExitCallBack: Testhost processId: 2252 exited with exitcode: 0 error: ''
TpTrace Verbose: 0 : 12088, 8, 2022/10/24, 18:27:06.633, 3541987375585, vstest.console.dll, DotnetTestHostManager.OnHostExited: invoking OnHostExited callback
TpTrace Verbose: 0 : 12088, 8, 2022/10/24, 18:27:06.633, 3541987376267, vstest.console.dll, CrossPlatEngine.TestHostManagerHostExited: calling on client process exit callback.
TpTrace Information: 0 : 12088, 8, 2022/10/24, 18:27:06.633, 3541987377007, vstest.console.dll, TestRequestSender.OnClientProcessExit: Test host process exited. Standard error: 
TpTrace Information: 0 : 12088, 8, 2022/10/24, 18:27:06.633, 3541987377612, vstest.console.dll, SocketServer.Stop: Stop server endPoint: 127.0.0.1:53426
TpTrace Information: 0 : 12088, 8, 2022/10/24, 18:27:06.633, 3541987378013, vstest.console.dll, SocketServer.Stop: Cancellation requested. Stopping message loop.
TpTrace Information: 0 : 12088, 14, 2022/10/24, 18:27:06.633, 3541987378067, vstest.console.dll, SocketServer.Stop: Stop server endPoint: 127.0.0.1:53426
TpTrace Information: 0 : 12088, 14, 2022/10/24, 18:27:06.633, 3541987379261, vstest.console.dll, SocketServer.Stop: Cancellation requested. Stopping message loop.
TpTrace Information: 0 : 12088, 14, 2022/10/24, 18:27:06.633, 3541987379926, vstest.console.dll, Closing the connection
TpTrace Warning: 0 : 12088, 14, 2022/10/24, 18:27:06.633, 3541987380399, vstest.console.dll, ProxyOperationManager: Timed out waiting for test host to exit. Will terminate process.
TpTrace Verbose: 0 : 12088, 14, 2022/10/24, 18:27:06.634, 3541987389160, vstest.console.dll, ProxyDataCollectionManager.InvokeDataCollectionServiceAction: Starting.
TpTrace Information: 0 : 12088, 14, 2022/10/24, 18:27:06.634, 3541987389874, vstest.console.dll, ProxyDataCollectionManager.AfterTestRunEnd: Get attachment set for datacollector processId: 18024 port: 53422
TpTrace Verbose: 0 : 12088, 14, 2022/10/24, 18:27:06.634, 3541987390588, vstest.console.dll, DataCollectionRequestSender.SendAfterTestRunStartAndGetResult : Send AfterTestRunEnd message with isCancelled: False
TpTrace Verbose: 0 : 12088, 14, 2022/10/24, 18:27:06.641, 3541987455916, vstest.console.dll, DataCollectionRequestSender.SendAfterTestRunStartAndGetResult : Received message: (DataCollection.AfterTestRunEndResult) -> {
  "AttachmentSets": [],
  "Metrics": {}
}
TpTrace Warning: 0 : 12088, 10, 2022/10/24, 18:27:06.647, 3541987518522, vstest.console.dll, DataCollectionLauncher.ErrorReceivedCallback datacollector standard error line: 
TpTrace Information: 0 : 12088, 14, 2022/10/24, 18:27:06.647, 3541987521263, vstest.console.dll, ProxyDataCollectionManager.InvokeDataCollectionServiceAction: Completed.
TpTrace Information: 0 : 12088, 8, 2022/10/24, 18:27:06.656, 3541987608215, vstest.console.dll, DataCollectionLauncher.ExitCallBack: Data collector exited with exitcode: 0 error: ''
TpTrace Verbose: 0 : 12088, 14, 2022/10/24, 18:27:06.743, 3541988479689, vstest.console.dll, TestRunRequest:SendTestRunStatsChange: Starting.
TpTrace Information: 0 : 12088, 14, 2022/10/24, 18:27:06.743, 3541988483701, vstest.console.dll, TestRunRequest:SendTestRunStatsChange: Completed.
TpTrace Verbose: 0 : 12088, 14, 2022/10/24, 18:27:06.744, 3541988486568, vstest.console.dll, ParallelProxyExecutionManager: HandlePartialRunComplete: Total completed clients = 1, Run complete = True, Run canceled: False.
TpTrace Verbose: 0 : 12088, 14, 2022/10/24, 18:27:06.777, 3541988818872, vstest.console.dll, TestRunRequest:TestRunComplete: Starting. IsAborted:False IsCanceled:False.
TpTrace Verbose: 0 : 12088, 14, 2022/10/24, 18:27:06.777, 3541988821560, vstest.console.dll, TestLoggerManager.HandleTestRunComplete: Ignoring as the object is disposed.
TpTrace Information: 0 : 12088, 14, 2022/10/24, 18:27:06.778, 3541988826140, vstest.console.dll, TestRunRequest:TestRunComplete: Completed.
TpTrace Verbose: 0 : 12088, 14, 2022/10/24, 18:27:06.778, 3541988826903, vstest.console.dll, TestRequestSender.SetOperationComplete: Setting operation complete.
TpTrace Information: 0 : 12088, 14, 2022/10/24, 18:27:06.778, 3541988827375, vstest.console.dll, SocketServer.Stop: Stop server endPoint: 127.0.0.1:53426
TpTrace Verbose: 0 : 12088, 1, 2022/10/24, 18:27:06.778, 3541988826941, vstest.console.dll, TestRunRequest.Dispose: Starting.
TpTrace Information: 0 : 12088, 14, 2022/10/24, 18:27:06.778, 3541988827730, vstest.console.dll, SocketServer.Stop: Cancellation requested. Stopping message loop.
TpTrace Information: 0 : 12088, 1, 2022/10/24, 18:27:06.778, 3541988828762, vstest.console.dll, TestRunRequest.Dispose: Completed.
TpTrace Information: 0 : 12088, 14, 2022/10/24, 18:27:06.778, 3541988829781, vstest.console.dll, SocketServer.PrivateStop: Stopping server endPoint: 127.0.0.1:53426 error: 
TpTrace Information: 0 : 12088, 1, 2022/10/24, 18:27:06.778, 3541988830955, vstest.console.dll, TestRequestManager.RunTests: run tests completed.
TpTrace Information: 0 : 12088, 1, 2022/10/24, 18:27:06.778, 3541988834382, vstest.console.dll, RunTestsArgumentProcessor:Execute: Test run is completed.
TpTrace Verbose: 0 : 12088, 1, 2022/10/24, 18:27:06.779, 3541988837703, vstest.console.dll, Executor.Execute: Exiting with exit code of 0
TpTrace Verbose: 0 : 12088, 14, 2022/10/24, 18:27:06.779, 3541988838576, vstest.console.dll, LengthPrefixCommunicationChannel.Dispose: Dispose reader and writer.
TpTrace Information: 0 : 12088, 14, 2022/10/24, 18:27:06.779, 3541988839916, vstest.console.dll, SocketServer.Stop: Raise disconnected event endPoint: 127.0.0.1:53426 error: 
TpTrace Verbose: 0 : 12088, 14, 2022/10/24, 18:27:06.779, 3541988841280, vstest.console.dll, TestRequestSender: OnTestRunAbort: Operation is already complete. Skip error message.
TpTrace Verbose: 0 : 12088, 14, 2022/10/24, 18:27:06.779, 3541988842131, vstest.console.dll, TcpClientExtensions.MessageLoopAsync: exiting MessageLoopAsync remoteEndPoint: 127.0.0.1:53427 localEndPoint: 127.0.0.1:53426
